Welcome to OpenMCL Version (Beta: Darwin) 0.14.3!

 ACL2 Version 3.2 built August 21, 2007  18:38:06.
 Copyright (C) 2007  University of Texas at Austin
 ACL2 comes with ABSOLUTELY NO WARRANTY.  This is free software and you
 are welcome to redistribute it under certain conditions.  For details,
 see the GNU General Public License.

 Initialized with (INITIALIZE-ACL2 'INCLUDE-BOOK *ACL2-PASS-2-FILES*).
 See the documentation topic note-3-2 for recent changes.
 Note: We have modified the prompt in some underlying Lisps to further
 distinguish it from the ACL2 prompt.

 NOTE!!  Proof trees are disabled in ACL2.  To enable them in emacs,
 look under the ACL2 source directory in interface/emacs/README.doc; 
 and, to turn on proof trees, execute :START-PROOF-TREE in the ACL2 
 command loop.   Look in the ACL2 documentation under PROOF-TREE.

ACL2 Version 3.2.  Level 1.  Cbd 
"/Users/zac/Desktop/acl2-sources/books/arithmetic/".
Type :help for help.
Type (good-bye) to quit completely out of ACL2.

ACL2 !>
Exiting the ACL2 read-eval-print loop.  To re-enter, execute (LP).
? [RAW LISP] #<Package "ACL2">
? [RAW LISP] 
ACL2 Version 3.2.  Level 1.  Cbd 
"/Users/zac/Desktop/acl2-sources/books/arithmetic/".
Type :help for help.
Type (good-bye) to quit completely out of ACL2.

ACL2 !> (PROVE PROOF-TREE
        WARNING OBSERVATION EVENT EXPANSION)
ACL2 !>
Summary
Form:  ( DEFPKG "ACL2-ASG" ...)
Rules: NIL
Warnings:  None
Time:  0.07 seconds (prove: 0.00, print: 0.00, other: 0.07)
 "ACL2-ASG"
ACL2 !>
Summary
Form:  ( DEFPKG "ACL2-AGP" ...)
Rules: NIL
Warnings:  None
Time:  0.08 seconds (prove: 0.00, print: 0.00, other: 0.08)
 "ACL2-AGP"
ACL2 !>
Summary
Form:  ( DEFPKG "ACL2-CRG" ...)
Rules: NIL
Warnings:  None
Time:  0.08 seconds (prove: 0.00, print: 0.00, other: 0.08)
 "ACL2-CRG"
ACL2 !>
Summary
Form:  ( DEFMACRO REAL-LISTP ...)
Rules: NIL
Warnings:  None
Time:  0.01 seconds (prove: 0.00, print: 0.00, other: 0.01)
REAL-LISTP

Summary
Form:  ( INCLUDE-BOOK "../cowles/acl2-crg" ...)
Rules: NIL
Warnings:  None
Time:  0.42 seconds (prove: 0.00, print: 0.00, other: 0.42)
"/Users/zac/Desktop/acl2-sources/books/cowles/acl2-crg.lisp"

Summary
Form:  ( DEFMACRO FC ...)
Rules: NIL
Warnings:  None
Time:  0.00 seconds (prove: 0.00, print: 0.00, other: 0.00)
FC

Summary
Form:  ( DEFTHM COMMUTATIVITY-2-OF-+ ...)
Rules: ((:FAKE-RUNE-FOR-LINEAR NIL)
        (:FAKE-RUNE-FOR-TYPE-SET NIL))
Warnings:  None
Time:  0.00 seconds (prove: 0.00, print: 0.00, other: 0.00)
COMMUTATIVITY-2-OF-+

Summary
Form:  ( DEFTHM FUNCTIONAL-SELF-INVERSION-OF-MINUS ...)
Rules: ((:DEFINITION FIX)
        (:FAKE-RUNE-FOR-LINEAR NIL)
        (:FAKE-RUNE-FOR-TYPE-SET NIL))
Warnings:  None
Time:  0.00 seconds (prove: 0.00, print: 0.00, other: 0.00)
FUNCTIONAL-SELF-INVERSION-OF-MINUS

Summary
Form:  ( DEFTHM DISTRIBUTIVITY-OF-MINUS-OVER-+ ...)
Rules: ((:FAKE-RUNE-FOR-LINEAR NIL)
        (:FAKE-RUNE-FOR-TYPE-SET NIL))
Warnings:  None
Time:  0.00 seconds (prove: 0.00, print: 0.00, other: 0.00)
DISTRIBUTIVITY-OF-MINUS-OVER-+

Summary
Form:  ( DEFTHM MINUS-CANCELLATION-ON-RIGHT ...)
Rules: ((:DEFINITION FIX)
        (:EXECUTABLE-COUNTERPART EQUAL)
        (:FAKE-RUNE-FOR-LINEAR NIL)
        (:FAKE-RUNE-FOR-TYPE-SET NIL)
        (:REWRITE COMMUTATIVITY-OF-+)
        (:REWRITE DEFAULT-+-2)
        (:REWRITE INVERSE-OF-+))
Warnings:  None
Time:  0.00 seconds (prove: 0.00, print: 0.00, other: 0.00)
MINUS-CANCELLATION-ON-RIGHT

Summary
Form:  ( DEFTHM MINUS-CANCELLATION-ON-LEFT ...)
Rules: ((:DEFINITION FIX)
        (:EXECUTABLE-COUNTERPART EQUAL)
        (:FAKE-RUNE-FOR-LINEAR NIL)
        (:FAKE-RUNE-FOR-TYPE-SET NIL)
        (:REWRITE DEFAULT-+-2)
        (:REWRITE INVERSE-OF-+))
Warnings:  None
Time:  0.00 seconds (prove: 0.00, print: 0.00, other: 0.00)
MINUS-CANCELLATION-ON-LEFT

Summary
Form:  ( DEFTHM RIGHT-CANCELLATION-FOR-+ ...)
Rules: ((:DEFINITION FIX)
        (:DEFINITION NOT)
        (:FAKE-RUNE-FOR-LINEAR NIL)
        (:FAKE-RUNE-FOR-TYPE-SET NIL)
        (:REWRITE DEFAULT-+-1)
        (:REWRITE UNICITY-OF-0))
Warnings:  None
Time:  0.01 seconds (prove: 0.01, print: 0.00, other: 0.00)
RIGHT-CANCELLATION-FOR-+

Summary
Form:  ( DEFTHM LEFT-CANCELLATION-FOR-+ ...)
Rules: ((:DEFINITION FIX)
        (:FAKE-RUNE-FOR-LINEAR NIL)
        (:FAKE-RUNE-FOR-TYPE-SET NIL)
        (:REWRITE COMMUTATIVITY-OF-+)
        (:REWRITE DEFAULT-+-2)
        (:REWRITE UNICITY-OF-0))
Warnings:  None
Time:  0.02 seconds (prove: 0.01, print: 0.00, other: 0.01)
LEFT-CANCELLATION-FOR-+

Summary
Form:  ( DEFTHM EQUAL-MINUS-0 ...)
Rules: ((:DEFINITION FIX)
        (:EXECUTABLE-COUNTERPART EQUAL)
        (:EXECUTABLE-COUNTERPART UNARY--)
        (:FAKE-RUNE-FOR-TYPE-SET NIL))
Warnings:  None
Time:  0.00 seconds (prove: 0.00, print: 0.00, other: 0.00)
EQUAL-MINUS-0

Summary
Form:  ( DEFTHM INVERSE-OF-+-AS=0 ...)
Rules: ((:DEFINITION FIX)
        (:DEFINITION NOT)
        (:EXECUTABLE-COUNTERPART EQUAL)
        (:EXECUTABLE-COUNTERPART FIX)
        (:EXECUTABLE-COUNTERPART UNARY--)
        (:FAKE-RUNE-FOR-LINEAR NIL)
        (:FAKE-RUNE-FOR-TYPE-SET NIL)
        (:REWRITE DEFAULT-UNARY-MINUS)
        (:REWRITE UNICITY-OF-0))
Warnings:  None
Time:  0.00 seconds (prove: 0.00, print: 0.00, other: 0.00)
INVERSE-OF-+-AS=0

Summary
Form:  ( DEFTHM EQUAL-MINUS-MINUS ...)
Rules: ((:DEFINITION FIX)
        (:DEFINITION NOT)
        (:EXECUTABLE-COUNTERPART EQUAL)
        (:EXECUTABLE-COUNTERPART UNARY--)
        (:FAKE-RUNE-FOR-LINEAR NIL)
        (:FAKE-RUNE-FOR-TYPE-SET NIL)
        (:REWRITE EQUAL-MINUS-0))
Warnings:  None
Time:  0.00 seconds (prove: 0.00, print: 0.00, other: 0.00)
EQUAL-MINUS-MINUS

Summary
Form:  ( DEFTHM FOLD-CONSTS-IN-+ ...)
Rules: ((:EXECUTABLE-COUNTERPART IF)
        (:EXECUTABLE-COUNTERPART SYNP)
        (:REWRITE ASSOCIATIVITY-OF-+))
Warnings:  None
Time:  0.00 seconds (prove: 0.00, print: 0.00, other: 0.00)
FOLD-CONSTS-IN-+

Summary
Form:  ( DEFTHM COMMUTATIVITY-2-OF-* ...)
Rules: ((:COMPOUND-RECOGNIZER BOOLEANP-COMPOUND-RECOGNIZER)
        (:EXECUTABLE-COUNTERPART IF)
        (:FAKE-RUNE-FOR-TYPE-SET NIL)
        (:REWRITE ASSOCIATIVITY-OF-*)
        (:REWRITE COMMUTATIVITY-OF-*))
Warnings:  None
Time:  0.01 seconds (prove: 0.00, print: 0.00, other: 0.00)
COMMUTATIVITY-2-OF-*

Summary
Form:  ( DEFTHM FUNCTIONAL-SELF-INVERSION-OF-/ ...)
Rules: ((:COMPOUND-RECOGNIZER BOOLEANP-COMPOUND-RECOGNIZER)
        (:DEFINITION FIX)
        (:DEFINITION NOT)
        (:EXECUTABLE-COUNTERPART EQUAL)
        (:EXECUTABLE-COUNTERPART FIX)
        (:EXECUTABLE-COUNTERPART IF)
        (:EXECUTABLE-COUNTERPART UNARY-/)
        (:FAKE-RUNE-FOR-TYPE-SET NIL)
        (:REWRITE ASSOCIATIVITY-OF-*)
        (:REWRITE COMMUTATIVITY-OF-*)
        (:REWRITE DEFAULT-UNARY-/)
        (:REWRITE INVERSE-OF-*)
        (:REWRITE UNICITY-OF-1))
Warnings:  None
Time:  0.01 seconds (prove: 0.01, print: 0.00, other: 0.00)
FUNCTIONAL-SELF-INVERSION-OF-/

Summary
Form:  ( DEFTHM DISTRIBUTIVITY-OF-/-OVER-* ...)
Rules: ((:DEFINITION NOT)
        (:EXECUTABLE-COUNTERPART UNARY-/)
        (:FAKE-RUNE-FOR-TYPE-SET NIL))
Warnings:  None
Time:  0.01 seconds (prove: 0.00, print: 0.00, other: 0.00)
DISTRIBUTIVITY-OF-/-OVER-*

Summary
Form:  ( DEFTHM /-CANCELLATION-ON-RIGHT ...)
Rules: ((:DEFINITION FIX)
        (:DEFINITION NOT)
        (:EXECUTABLE-COUNTERPART FIX)
        (:EXECUTABLE-COUNTERPART NOT)
        (:FAKE-RUNE-FOR-TYPE-SET NIL)
        (:REWRITE COMMUTATIVITY-OF-*)
        (:REWRITE DEFAULT-*-1))
Warnings:  None
Time:  0.01 seconds (prove: 0.00, print: 0.00, other: 0.00)
/-CANCELLATION-ON-RIGHT

Summary
Form:  ( DEFTHM /-CANCELLATION-ON-LEFT ...)
Rules: ((:DEFINITION FIX)
        (:DEFINITION NOT)
        (:EXECUTABLE-COUNTERPART EQUAL)
        (:EXECUTABLE-COUNTERPART NOT)
        (:FAKE-RUNE-FOR-TYPE-SET NIL)
        (:REWRITE COMMUTATIVITY-OF-*))
Warnings:  None
Time:  0.00 seconds (prove: 0.00, print: 0.00, other: 0.00)
/-CANCELLATION-ON-LEFT

Summary
Form:  ( DEFTHM RIGHT-CANCELLATION-FOR-*-LEMMA ...)
Rules: ((:DEFINITION NOT)
        (:EXECUTABLE-COUNTERPART ACL2-NUMBERP)
        (:EXECUTABLE-COUNTERPART EQUAL)
        (:EXECUTABLE-COUNTERPART NOT)
        (:FAKE-RUNE-FOR-TYPE-SET NIL))
Warnings:  None
Time:  0.01 seconds (prove: 0.01, print: 0.00, other: 0.00)
RIGHT-CANCELLATION-FOR-*-LEMMA

Summary
Form:  ( DEFTHM RIGHT-CANCELLATION-FOR-* ...)
Rules: ((:DEFINITION FIX)
        (:FAKE-RUNE-FOR-TYPE-SET NIL)
        (:REWRITE RIGHT-CANCELLATION-FOR-*-LEMMA))
Warnings:  None
Time:  0.01 seconds (prove: 0.01, print: 0.00, other: 0.00)
RIGHT-CANCELLATION-FOR-*

Summary
Form:  ( ENCAPSULATE NIL (LOCAL ...) ...)
Rules: NIL
Warnings:  None
Time:  0.02 seconds (prove: 0.01, print: 0.00, other: 0.01)
T

Summary
Form:  ( DEFTHM LEFT-CANCELLATION-FOR-* ...)
Rules: ((:DEFINITION FIX)
        (:FAKE-RUNE-FOR-TYPE-SET NIL)
        (:REWRITE COMMUTATIVITY-OF-*)
        (:REWRITE RIGHT-CANCELLATION-FOR-*))
Warnings:  None
Time:  0.00 seconds (prove: 0.00, print: 0.00, other: 0.00)
LEFT-CANCELLATION-FOR-*

Summary
Form:  ( DEFTHM ZERO-IS-ONLY-ZERO-DIVISOR ...)
Rules: ((:DEFINITION FIX)
        (:FAKE-RUNE-FOR-TYPE-SET NIL))
Warnings:  None
Time:  0.00 seconds (prove: 0.00, print: 0.00, other: 0.00)
ZERO-IS-ONLY-ZERO-DIVISOR

Summary
Form:  ( DEFTHM EQUAL-*-X-Y-X ...)
Rules: ((:DEFINITION FIX)
        (:DEFINITION NOT)
        (:EXECUTABLE-COUNTERPART ACL2-NUMBERP)
        (:EXECUTABLE-COUNTERPART EQUAL)
        (:EXECUTABLE-COUNTERPART FIX)
        (:EXECUTABLE-COUNTERPART NOT)
        (:FAKE-RUNE-FOR-TYPE-SET NIL)
        (:REWRITE COMMUTATIVITY-OF-*)
        (:REWRITE UNICITY-OF-1))
Warnings:  None
Time:  0.00 seconds (prove: 0.00, print: 0.00, other: 0.00)
EQUAL-*-X-Y-X

Summary
Form:  ( DEFTHM EQUAL-*-X-Y-Y ...)
Rules: ((:DEFINITION FIX)
        (:DEFINITION NOT)
        (:EXECUTABLE-COUNTERPART ACL2-NUMBERP)
        (:EXECUTABLE-COUNTERPART EQUAL)
        (:EXECUTABLE-COUNTERPART FIX)
        (:EXECUTABLE-COUNTERPART NOT)
        (:FAKE-RUNE-FOR-TYPE-SET NIL)
        (:REWRITE UNICITY-OF-1))
Warnings:  None
Time:  0.00 seconds (prove: 0.00, print: 0.00, other: 0.00)
EQUAL-*-X-Y-Y

Summary
Form:  ( DEFTHM EQUAL-/-LEMMA ...)
Rules: ((:DEFINITION NOT)
        (:EXECUTABLE-COUNTERPART ACL2-NUMBERP)
        (:EXECUTABLE-COUNTERPART EQUAL)
        (:EXECUTABLE-COUNTERPART NOT)
        (:EXECUTABLE-COUNTERPART UNARY-/)
        (:FAKE-RUNE-FOR-TYPE-SET NIL))
Warnings:  None
Time:  0.01 seconds (prove: 0.00, print: 0.00, other: 0.00)
EQUAL-/-LEMMA

Summary
Form:  ( DEFTHM EQUAL-/ ...)
Rules: ((:DEFINITION NOT)
        (:EXECUTABLE-COUNTERPART EQUAL)
        (:FAKE-RUNE-FOR-TYPE-SET NIL)
        (:REWRITE INVERSE-OF-*))
Warnings:  None
Time:  0.01 seconds (prove: 0.00, print: 0.00, other: 0.00)
EQUAL-/

Summary
Form:  ( ENCAPSULATE NIL (LOCAL ...) ...)
Rules: NIL
Warnings:  None
Time:  0.01 seconds (prove: 0.01, print: 0.00, other: 0.01)
T

Summary
Form:  ( DEFTHM NUMERATOR-NONZERO-FORWARD ...)
Rules: ((:DEFINITION NOT)
        (:EXECUTABLE-COUNTERPART EQUAL)
        (:EXECUTABLE-COUNTERPART NUMERATOR)
        (:FAKE-RUNE-FOR-TYPE-SET NIL))
Warnings:  None
Time:  0.00 seconds (prove: 0.00, print: 0.00, other: 0.00)
NUMERATOR-NONZERO-FORWARD

Summary
Form:  ( DEFTHM UNIQUENESS-OF-*-INVERSES-LEMMA ...)
Rules: ((:DEFINITION NOT)
        (:FAKE-RUNE-FOR-TYPE-SET NIL)
        (:REWRITE EQUAL-/))
Warnings:  None
Time:  0.00 seconds (prove: 0.00, print: 0.00, other: 0.00)
UNIQUENESS-OF-*-INVERSES-LEMMA

Summary
Form:  ( DEFTHM UNIQUENESS-OF-*-INVERSES ...)
Rules: ((:DEFINITION FIX)
        (:DEFINITION NOT)
        (:REWRITE UNIQUENESS-OF-*-INVERSES-LEMMA))
Warnings:  None
Time:  0.02 seconds (prove: 0.00, print: 0.00, other: 0.02)
UNIQUENESS-OF-*-INVERSES

Summary
Form:  ( ENCAPSULATE NIL (LOCAL ...) ...)
Rules: NIL
Warnings:  None
Time:  0.02 seconds (prove: 0.01, print: 0.00, other: 0.02)
T

Summary
Form:  ( IN-THEORY (DISABLE ...))
Rules: NIL
Warnings:  None
Time:  0.00 seconds (prove: 0.00, print: 0.00, other: 0.00)
1973

Summary
Form:  THEORY-INVARIANT
Rules: NIL
Warnings:  None
Time:  0.00 seconds (prove: 0.00, print: 0.00, other: 0.00)
1

Summary
Form:  ( DEFTHM EQUAL-/-/-LEMMA ...)
Rules: ((:DEFINITION FIX)
        (:DEFINITION NOT)
        (:EXECUTABLE-COUNTERPART EQUAL)
        (:EXECUTABLE-COUNTERPART NOT)
        (:FAKE-RUNE-FOR-TYPE-SET NIL)
        (:REWRITE EQUAL-/)
        (:REWRITE FUNCTIONAL-SELF-INVERSION-OF-/)
        (:REWRITE INVERSE-OF-*))
Warnings:  None
Time:  0.01 seconds (prove: 0.01, print: 0.00, other: 0.00)
EQUAL-/-/-LEMMA

Summary
Form:  ( DEFTHM EQUAL-/-/ ...)
Rules: ((:DEFINITION FIX)
        (:DEFINITION NOT)
        (:EXECUTABLE-COUNTERPART EQUAL)
        (:EXECUTABLE-COUNTERPART FIX)
        (:EXECUTABLE-COUNTERPART UNARY-/)
        (:FAKE-RUNE-FOR-TYPE-SET NIL)
        (:REWRITE DEFAULT-UNARY-/))
Warnings:  None
Time:  0.01 seconds (prove: 0.01, print: 0.00, other: 0.00)
EQUAL-/-/

Summary
Form:  ( ENCAPSULATE NIL (LOCAL ...) ...)
Rules: NIL
Warnings:  None
Time:  0.02 seconds (prove: 0.02, print: 0.00, other: 0.00)
T

Summary
Form:  ( DEFTHM EQUAL-*-/-1 ...)
Rules: ((:DEFINITION FIX)
        (:DEFINITION NOT)
        (:FAKE-RUNE-FOR-TYPE-SET NIL)
        (:REWRITE /-CANCELLATION-ON-LEFT)
        (:REWRITE COMMUTATIVITY-2-OF-*)
        (:REWRITE DEFAULT-*-2))
Warnings:  None
Time:  0.01 seconds (prove: 0.01, print: 0.00, other: 0.00)
EQUAL-*-/-1

Summary
Form:  ( DEFTHM EQUAL-*-/-2 ...)
Rules: ((:DEFINITION FIX)
        (:DEFINITION NOT)
        (:FAKE-RUNE-FOR-TYPE-SET NIL)
        (:REWRITE COMMUTATIVITY-OF-*)
        (:REWRITE EQUAL-*-/-1))
Warnings:  None
Time:  0.00 seconds (prove: 0.00, print: 0.00, other: 0.00)
EQUAL-*-/-2

Summary
Form:  ( DEFTHM FOLD-CONSTS-IN-* ...)
Rules: ((:EXECUTABLE-COUNTERPART IF)
        (:EXECUTABLE-COUNTERPART SYNP)
        (:REWRITE ASSOCIATIVITY-OF-*))
Warnings:  None
Time:  0.00 seconds (prove: 0.00, print: 0.00, other: 0.00)
FOLD-CONSTS-IN-*

Summary
Form:  ( DEFTHM TIMES-ZERO ...)
Rules: ((:FAKE-RUNE-FOR-TYPE-SET NIL))
Warnings:  None
Time:  0.00 seconds (prove: 0.00, print: 0.00, other: 0.00)
TIMES-ZERO

Summary
Form:  ( DEFTHM FUNCTIONAL-COMMUTATIVITY-OF-MINUS-*-RIGHT-LEMMA ...)
Rules: ((:COMPOUND-RECOGNIZER BOOLEANP-COMPOUND-RECOGNIZER)
        (:DEFINITION FIX)
        (:EXECUTABLE-COUNTERPART EQUAL)
        (:EXECUTABLE-COUNTERPART IF)
        (:FAKE-RUNE-FOR-LINEAR NIL)
        (:FAKE-RUNE-FOR-TYPE-SET NIL)
        (:REWRITE ASSOCIATIVITY-OF-*)
        (:REWRITE ASSOCIATIVITY-OF-+)
        (:REWRITE COMMUTATIVITY-OF-*)
        (:REWRITE DISTRIBUTIVITY)
        (:REWRITE EQUAL-MINUS-MINUS)
        (:REWRITE INVERSE-OF-+)
        (:REWRITE LEFT-CANCELLATION-FOR-+)
        (:REWRITE RIGHT-CANCELLATION-FOR-+)
        (:REWRITE UNICITY-OF-0))
Warnings:  None
Time:  0.01 seconds (prove: 0.01, print: 0.00, other: 0.00)
FUNCTIONAL-COMMUTATIVITY-OF-MINUS-*-RIGHT-LEMMA

Summary
Form:  ( DEFTHM FUNCTIONAL-COMMUTATIVITY-OF-MINUS-*-RIGHT ...)
Rules: ((:FAKE-RUNE-FOR-TYPE-SET NIL))
Warnings:  None
Time:  0.00 seconds (prove: 0.00, print: 0.00, other: 0.00)
FUNCTIONAL-COMMUTATIVITY-OF-MINUS-*-RIGHT

Summary
Form:  ( ENCAPSULATE NIL (LOCAL ...) ...)
Rules: NIL
Warnings:  None
Time:  0.02 seconds (prove: 0.01, print: 0.00, other: 0.01)
T

Summary
Form:  ( DEFTHM FUNCTIONAL-COMMUTATIVITY-OF-MINUS-*-LEFT ...)
Rules: ((:FAKE-RUNE-FOR-TYPE-SET NIL)
        (:REWRITE COMMUTATIVITY-OF-*)
        (:REWRITE FUNCTIONAL-COMMUTATIVITY-OF-MINUS-*-RIGHT))
Warnings:  None
Time:  0.00 seconds (prove: 0.00, print: 0.00, other: 0.00)
FUNCTIONAL-COMMUTATIVITY-OF-MINUS-*-LEFT

Summary
Form:  ( DEFTHM RECIPROCAL-MINUS ...)
Rules: ((:DEFINITION NOT)
        (:EXECUTABLE-COUNTERPART EQUAL)
        (:EXECUTABLE-COUNTERPART UNARY--)
        (:EXECUTABLE-COUNTERPART UNARY-/)
        (:FAKE-RUNE-FOR-TYPE-SET NIL)
        (:REWRITE EQUAL-/)
        (:REWRITE FUNCTIONAL-COMMUTATIVITY-OF-MINUS-*-LEFT)
        (:REWRITE FUNCTIONAL-COMMUTATIVITY-OF-MINUS-*-RIGHT)
        (:REWRITE INVERSE-OF-*))
Warnings:  None
Time:  0.00 seconds (prove: 0.00, print: 0.00, other: 0.00)
RECIPROCAL-MINUS

Summary
Form:  ( DEFTHM NUMERATOR-INTEGERP-LEMMA-1 ...)
Rules: ((:DEFINITION FIX)
        (:FAKE-RUNE-FOR-TYPE-SET NIL)
        (:REWRITE ASSOCIATIVITY-OF-*)
        (:REWRITE COMMUTATIVITY-OF-*)
        (:REWRITE INVERSE-OF-*)
        (:REWRITE UNICITY-OF-1))
Warnings:  None
Time:  0.01 seconds (prove: 0.00, print: 0.00, other: 0.00)
NUMERATOR-INTEGERP-LEMMA-1

Summary
Form:  ( DEFTHM NUMERATOR-INTEGERP-LEMMA ...)
Rules: ((:DEFINITION FIX)
        (:DEFINITION NOT)
        (:FAKE-RUNE-FOR-TYPE-SET NIL)
        (:REWRITE ASSOCIATIVITY-OF-*)
        (:REWRITE COMMUTATIVITY-OF-*)
        (:REWRITE EQUAL-*-/-1)
        (:REWRITE INVERSE-OF-*)
        (:REWRITE UNICITY-OF-1))
Warnings:  None
Time:  0.01 seconds (prove: 0.01, print: 0.00, other: 0.00)
NUMERATOR-INTEGERP-LEMMA

Summary
Form:  ( DEFTHM NUMERATOR-WHEN-INTEGERP ...)
Rules: ((:DEFINITION FIX)
        (:DEFINITION NOT)
        (:EXECUTABLE-COUNTERPART UNARY-/)
        (:FAKE-RUNE-FOR-TYPE-SET NIL)
        (:REWRITE COMMUTATIVITY-OF-*)
        (:REWRITE EQUAL-*-/-1)
        (:REWRITE UNICITY-OF-1))
Warnings:  None
Time:  0.01 seconds (prove: 0.01, print: 0.00, other: 0.00)
NUMERATOR-WHEN-INTEGERP

Summary
Form:  ( ENCAPSULATE NIL (LOCAL ...) ...)
Rules: NIL
Warnings:  None
Time:  0.03 seconds (prove: 0.02, print: 0.00, other: 0.01)
T

Summary
Form:  ( DEFTHM INTEGERP==>DENOMINATOR=1 ...)
Rules: ((:DEFINITION FIX)
        (:DEFINITION NOT)
        (:EXECUTABLE-COUNTERPART DENOMINATOR)
        (:EXECUTABLE-COUNTERPART EQUAL)
        (:EXECUTABLE-COUNTERPART IMPLIES)
        (:EXECUTABLE-COUNTERPART INTEGERP)
        (:EXECUTABLE-COUNTERPART NOT)
        (:EXECUTABLE-COUNTERPART NUMERATOR)
        (:FAKE-RUNE-FOR-TYPE-SET NIL)
        (:REWRITE COMMUTATIVITY-OF-*)
        (:REWRITE EQUAL-*-/-2)
        (:REWRITE EQUAL-*-X-Y-X)
        (:REWRITE NUMERATOR-WHEN-INTEGERP))
Warnings:  None
Time:  0.01 seconds (prove: 0.00, print: 0.00, other: 0.00)
INTEGERP==>DENOMINATOR=1

Summary
Form:  ( DEFTHM EQUAL-DENOMINATOR-1 ...)
Rules: ((:DEFINITION FIX)
        (:DEFINITION NOT)
        (:EXECUTABLE-COUNTERPART EQUAL)
        (:EXECUTABLE-COUNTERPART NOT)
        (:FAKE-RUNE-FOR-TYPE-SET NIL)
        (:FORWARD-CHAINING NUMERATOR-NONZERO-FORWARD)
        (:REWRITE COMMUTATIVITY-OF-*)
        (:REWRITE DEFAULT-DENOMINATOR)
        (:REWRITE EQUAL-*-/-1)
        (:REWRITE INTEGERP==>DENOMINATOR=1)
        (:REWRITE NUMERATOR-WHEN-INTEGERP)
        (:REWRITE UNICITY-OF-1))
Warnings:  None
Time:  0.03 seconds (prove: 0.02, print: 0.00, other: 0.00)
EQUAL-DENOMINATOR-1

Summary
Form:  ( DEFTHM *-R-DENOMINATOR-R ...)
Rules: ((:DEFINITION FIX)
        (:FAKE-RUNE-FOR-TYPE-SET NIL)
        (:REWRITE COMMUTATIVITY-OF-*)
        (:REWRITE DEFAULT-DENOMINATOR)
        (:REWRITE EQUAL-*-/-1)
        (:REWRITE UNICITY-OF-1))
Warnings:  None
Time:  0.01 seconds (prove: 0.01, print: 0.00, other: 0.00)
*-R-DENOMINATOR-R

Summary
Form:  ( DEFTHM /R-WHEN-ABS-NUMERATOR=1 ...)
Rules: ((:DEFINITION FIX)
        (:DEFINITION NOT)
        (:EXECUTABLE-COUNTERPART EQUAL)
        (:FAKE-RUNE-FOR-TYPE-SET NIL)
        (:FORWARD-CHAINING NUMERATOR-NONZERO-FORWARD)
        (:REWRITE *-R-DENOMINATOR-R)
        (:REWRITE COMMUTATIVITY-OF-*)
        (:REWRITE EQUAL-*-/-1)
        (:REWRITE EQUAL-/)
        (:REWRITE FUNCTIONAL-COMMUTATIVITY-OF-MINUS-*-RIGHT))
Warnings:  None
Time:  0.01 seconds (prove: 0.01, print: 0.00, other: 0.00)
/R-WHEN-ABS-NUMERATOR=1

Summary
Form:  ( DEFTHM EXPT-TYPE-PRESCRIPTION-RATIONALP ...)
Rules: ((:TYPE-PRESCRIPTION RATIONALP-EXPT-TYPE-PRESCRIPTION))
Warnings:  None
Time:  0.00 seconds (prove: 0.00, print: 0.00, other: 0.00)
EXPT-TYPE-PRESCRIPTION-RATIONALP

Summary
Form:  ( DEFTHM EXPT-TYPE-PRESCRIPTION-POSITIVE ...)
Rules: ((:COMPOUND-RECOGNIZER ZIP-COMPOUND-RECOGNIZER)
        (:DEFINITION =)
        (:DEFINITION EXPT)
        (:DEFINITION FIX)
        (:DEFINITION NOT)
        (:EXECUTABLE-COUNTERPART <)
        (:FAKE-RUNE-FOR-TYPE-SET NIL)
        (:INDUCTION EXPT)
        (:TYPE-PRESCRIPTION EXPT)
        (:TYPE-PRESCRIPTION EXPT-TYPE-PRESCRIPTION-NON-ZERO-BASE)
        (:TYPE-PRESCRIPTION EXPT-TYPE-PRESCRIPTION-RATIONALP))
Warnings:  None
Time:  0.02 seconds (prove: 0.02, print: 0.00, other: 0.00)
EXPT-TYPE-PRESCRIPTION-POSITIVE

Summary
Form:  ( DEFTHM EXPT-TYPE-PRESCRIPTION-NONZERO ...)
Rules: ((:FAKE-RUNE-FOR-TYPE-SET NIL)
        (:TYPE-PRESCRIPTION EXPT)
        (:TYPE-PRESCRIPTION EXPT-TYPE-PRESCRIPTION-NON-ZERO-BASE))
Warnings:  None
Time:  0.00 seconds (prove: 0.00, print: 0.00, other: 0.00)
EXPT-TYPE-PRESCRIPTION-NONZERO

Summary
Form:  ( DEFTHM EXPT-TYPE-PRESCRIPTION-INTEGERP ...)
Rules: ((:COMPOUND-RECOGNIZER ZIP-COMPOUND-RECOGNIZER)
        (:DEFINITION =)
        (:DEFINITION EXPT)
        (:DEFINITION FIX)
        (:DEFINITION NOT)
        (:EXECUTABLE-COUNTERPART EQUAL)
        (:EXECUTABLE-COUNTERPART FIX)
        (:EXECUTABLE-COUNTERPART INTEGERP)
        (:EXECUTABLE-COUNTERPART NOT)
        (:FAKE-RUNE-FOR-TYPE-SET NIL)
        (:INDUCTION EXPT)
        (:TYPE-PRESCRIPTION EXPT)
        (:TYPE-PRESCRIPTION EXPT-TYPE-PRESCRIPTION-NONZERO)
        (:TYPE-PRESCRIPTION EXPT-TYPE-PRESCRIPTION-RATIONALP))
Warnings:  None
Time:  0.02 seconds (prove: 0.01, print: 0.00, other: 0.00)
EXPT-TYPE-PRESCRIPTION-INTEGERP

Summary
Form:  ( DEFTHM LEFT-NULLITY-OF-1-FOR-EXPT ...)
Rules: ((:COMPOUND-RECOGNIZER ZIP-COMPOUND-RECOGNIZER)
        (:DEFINITION EXPT)
        (:DEFINITION NOT)
        (:EXECUTABLE-COUNTERPART =)
        (:EXECUTABLE-COUNTERPART BINARY-*)
        (:EXECUTABLE-COUNTERPART EQUAL)
        (:EXECUTABLE-COUNTERPART FIX)
        (:EXECUTABLE-COUNTERPART NOT)
        (:EXECUTABLE-COUNTERPART UNARY-/)
        (:INDUCTION EXPT))
Warnings:  None
Time:  0.02 seconds (prove: 0.02, print: 0.00, other: 0.00)
LEFT-NULLITY-OF-1-FOR-EXPT

Summary
Form:  ( DEFTHM RIGHT-UNICITY-OF-1-FOR-EXPT ...)
Rules: ((:DEFINITION EXPT)
        (:DEFINITION FIX)
        (:EXECUTABLE-COUNTERPART <)
        (:EXECUTABLE-COUNTERPART BINARY-+)
        (:EXECUTABLE-COUNTERPART ZIP)
        (:REWRITE COMMUTATIVITY-OF-*)
        (:REWRITE UNICITY-OF-1))
Warnings:  None
Time:  0.00 seconds (prove: 0.00, print: 0.00, other: 0.00)
RIGHT-UNICITY-OF-1-FOR-EXPT

Summary
Form:  ( DEFTHM EXPT-MINUS ...)
Rules: ((:COMPOUND-RECOGNIZER ZIP-COMPOUND-RECOGNIZER)
        (:DEFINITION =)
        (:DEFINITION EXPT)
        (:DEFINITION FIX)
        (:DEFINITION NOT)
        (:EXECUTABLE-COUNTERPART EQUAL)
        (:EXECUTABLE-COUNTERPART FIX)
        (:EXECUTABLE-COUNTERPART UNARY--)
        (:EXECUTABLE-COUNTERPART UNARY-/)
        (:FAKE-RUNE-FOR-TYPE-SET NIL)
        (:INDUCTION EXPT)
        (:REWRITE COMMUTATIVITY-2-OF-*)
        (:REWRITE COMMUTATIVITY-OF-*)
        (:REWRITE COMMUTATIVITY-OF-+)
        (:REWRITE DISTRIBUTIVITY-OF-/-OVER-*)
        (:REWRITE DISTRIBUTIVITY-OF-MINUS-OVER-+)
        (:REWRITE EQUAL-*-/-2)
        (:REWRITE EQUAL-/)
        (:REWRITE FUNCTIONAL-SELF-INVERSION-OF-/)
        (:REWRITE INVERSE-OF-*)
        (:REWRITE UNICITY-OF-1)
        (:TYPE-PRESCRIPTION EXPT)
        (:TYPE-PRESCRIPTION EXPT-TYPE-PRESCRIPTION-NONZERO))
Warnings:  None
Time:  0.12 seconds (prove: 0.12, print: 0.00, other: 0.00)
EXPT-MINUS

Summary
Form:  ( DEFTHM EXPONENTS-ADD-FOR-NONNEG-EXPONENTS ...)
Rules: ((:COMPOUND-RECOGNIZER ZIP-COMPOUND-RECOGNIZER)
        (:DEFINITION =)
        (:DEFINITION EXPT)
        (:DEFINITION FIX)
        (:DEFINITION NOT)
        (:EXECUTABLE-COUNTERPART <)
        (:EXECUTABLE-COUNTERPART EQUAL)
        (:EXECUTABLE-COUNTERPART FIX)
        (:EXECUTABLE-COUNTERPART INTEGERP)
        (:EXECUTABLE-COUNTERPART NOT)
        (:EXECUTABLE-COUNTERPART ZIP)
        (:FAKE-RUNE-FOR-LINEAR NIL)
        (:FAKE-RUNE-FOR-TYPE-SET NIL)
        (:INDUCTION EXPT)
        (:REWRITE ASSOCIATIVITY-OF-+)
        (:REWRITE COMMUTATIVITY-2-OF-*)
        (:REWRITE COMMUTATIVITY-2-OF-+)
        (:REWRITE COMMUTATIVITY-OF-*)
        (:REWRITE COMMUTATIVITY-OF-+)
        (:REWRITE TIMES-ZERO)
        (:REWRITE UNICITY-OF-0)
        (:REWRITE UNICITY-OF-1)
        (:TYPE-PRESCRIPTION EXPT)
        (:TYPE-PRESCRIPTION EXPT-TYPE-PRESCRIPTION-NONZERO))
Warnings:  None
Time:  0.11 seconds (prove: 0.11, print: 0.00, other: 0.00)
EXPONENTS-ADD-FOR-NONNEG-EXPONENTS

Summary
Form:  ( DEFTHM EXPONENTS-ADD-NEGATIVE-NEGATIVE ...)
Rules: ((:COMPOUND-RECOGNIZER ZIP-COMPOUND-RECOGNIZER)
        (:DEFINITION =)
        (:DEFINITION EXPT)
        (:DEFINITION FIX)
        (:DEFINITION NOT)
        (:DEFINITION SYNP)
        (:EXECUTABLE-COUNTERPART <)
        (:EXECUTABLE-COUNTERPART BINARY-*)
        (:EXECUTABLE-COUNTERPART BINARY-+)
        (:EXECUTABLE-COUNTERPART EQUAL)
        (:EXECUTABLE-COUNTERPART FIX)
        (:EXECUTABLE-COUNTERPART INTEGERP)
        (:EXECUTABLE-COUNTERPART NOT)
        (:EXECUTABLE-COUNTERPART ZIP)
        (:FAKE-RUNE-FOR-LINEAR NIL)
        (:FAKE-RUNE-FOR-TYPE-SET NIL)
        (:INDUCTION EXPT)
        (:REWRITE /-CANCELLATION-ON-LEFT)
        (:REWRITE ASSOCIATIVITY-OF-+)
        (:REWRITE COMMUTATIVITY-2-OF-*)
        (:REWRITE COMMUTATIVITY-2-OF-+)
        (:REWRITE COMMUTATIVITY-OF-*)
        (:REWRITE COMMUTATIVITY-OF-+)
        (:REWRITE EQUAL-*-/-1)
        (:REWRITE EXPT-MINUS)
        (:REWRITE FOLD-CONSTS-IN-+)
        (:REWRITE RIGHT-UNICITY-OF-1-FOR-EXPT)
        (:REWRITE UNICITY-OF-0)
        (:TYPE-PRESCRIPTION EXPT)
        (:TYPE-PRESCRIPTION EXPT-TYPE-PRESCRIPTION-NONZERO))
Warnings:  None
Time:  0.12 seconds (prove: 0.12, print: 0.00, other: 0.00)
EXPONENTS-ADD-NEGATIVE-NEGATIVE

Summary
Form:  ( DEFTHM EXPONENTS-ADD-POSITIVE-NEGATIVE ...)
Rules: ((:COMPOUND-RECOGNIZER ZIP-COMPOUND-RECOGNIZER)
        (:DEFINITION =)
        (:DEFINITION EXPT)
        (:DEFINITION FIX)
        (:DEFINITION NOT)
        (:DEFINITION SYNP)
        (:EXECUTABLE-COUNTERPART <)
        (:EXECUTABLE-COUNTERPART BINARY-+)
        (:EXECUTABLE-COUNTERPART EQUAL)
        (:EXECUTABLE-COUNTERPART INTEGERP)
        (:EXECUTABLE-COUNTERPART NOT)
        (:EXECUTABLE-COUNTERPART ZIP)
        (:FAKE-RUNE-FOR-LINEAR NIL)
        (:FAKE-RUNE-FOR-TYPE-SET NIL)
        (:INDUCTION EXPT)
        (:REWRITE /-CANCELLATION-ON-LEFT)
        (:REWRITE ASSOCIATIVITY-OF-+)
        (:REWRITE COMMUTATIVITY-2-OF-*)
        (:REWRITE COMMUTATIVITY-2-OF-+)
        (:REWRITE COMMUTATIVITY-OF-*)
        (:REWRITE COMMUTATIVITY-OF-+)
        (:REWRITE EQUAL-*-/-1)
        (:REWRITE EQUAL-/)
        (:REWRITE EXPT-MINUS)
        (:REWRITE FOLD-CONSTS-IN-+)
        (:REWRITE INVERSE-OF-*)
        (:REWRITE RIGHT-UNICITY-OF-1-FOR-EXPT)
        (:REWRITE UNICITY-OF-0)
        (:REWRITE UNICITY-OF-1)
        (:REWRITE ZIP-OPEN)
        (:TYPE-PRESCRIPTION EXPT)
        (:TYPE-PRESCRIPTION EXPT-TYPE-PRESCRIPTION-NONZERO))
Warnings:  None
Time:  0.21 seconds (prove: 0.21, print: 0.00, other: 0.00)
EXPONENTS-ADD-POSITIVE-NEGATIVE

Summary
Form:  ( DEFTHM EXPONENTS-ADD ...)
Rules: ((:DEFINITION EXPT)
        (:DEFINITION FIX)
        (:DEFINITION NOT)
        (:EXECUTABLE-COUNTERPART <)
        (:EXECUTABLE-COUNTERPART INTEGERP)
        (:EXECUTABLE-COUNTERPART NOT)
        (:EXECUTABLE-COUNTERPART SYNP)
        (:EXECUTABLE-COUNTERPART ZIP)
        (:FAKE-RUNE-FOR-TYPE-SET NIL)
        (:REWRITE COMMUTATIVITY-OF-*)
        (:REWRITE COMMUTATIVITY-OF-+)
        (:REWRITE EXPONENTS-ADD-FOR-NONNEG-EXPONENTS)
        (:REWRITE UNICITY-OF-0)
        (:REWRITE UNICITY-OF-1)
        (:TYPE-PRESCRIPTION EXPT)
        (:TYPE-PRESCRIPTION EXPT-TYPE-PRESCRIPTION-NONZERO))
Warnings:  None
Time:  0.07 seconds (prove: 0.07, print: 0.00, other: 0.00)
EXPONENTS-ADD

Summary
Form:  ( ENCAPSULATE NIL (LOCAL ...) ...)
Rules: NIL
Warnings:  None
Time:  0.40 seconds (prove: 0.39, print: 0.00, other: 0.01)
T

Summary
Form:  ( DEFTHM EXPONENTS-ADD-UNRESTRICTED ...)
Rules: ((:DEFINITION NOT)
        (:DEFINITION SYNP)
        (:FAKE-RUNE-FOR-TYPE-SET NIL)
        (:REWRITE EXPONENTS-ADD))
Warnings:  None
Time:  0.01 seconds (prove: 0.01, print: 0.00, other: 0.00)
EXPONENTS-ADD-UNRESTRICTED

Summary
Form:  ( IN-THEORY (DISABLE ...))
Rules: NIL
Warnings:  None
Time:  0.00 seconds (prove: 0.00, print: 0.00, other: 0.00)
1999

Summary
Form:  ( DEFTHM DISTRIBUTIVITY-OF-EXPT-OVER-* ...)
Rules: ((:COMPOUND-RECOGNIZER ZIP-COMPOUND-RECOGNIZER)
        (:DEFINITION =)
        (:DEFINITION EXPT)
        (:DEFINITION FIX)
        (:DEFINITION NOT)
        (:EXECUTABLE-COUNTERPART BINARY-*)
        (:EXECUTABLE-COUNTERPART EQUAL)
        (:EXECUTABLE-COUNTERPART FIX)
        (:FAKE-RUNE-FOR-TYPE-SET NIL)
        (:INDUCTION EXPT)
        (:REWRITE /-CANCELLATION-ON-LEFT)
        (:REWRITE ASSOCIATIVITY-OF-*)
        (:REWRITE COMMUTATIVITY-2-OF-*)
        (:REWRITE COMMUTATIVITY-OF-*)
        (:REWRITE COMMUTATIVITY-OF-+)
        (:REWRITE DEFAULT-*-2)
        (:REWRITE DISTRIBUTIVITY-OF-/-OVER-*)
        (:REWRITE EQUAL-*-/-1)
        (:REWRITE TIMES-ZERO)
        (:REWRITE ZERO-IS-ONLY-ZERO-DIVISOR)
        (:TYPE-PRESCRIPTION EXPT)
        (:TYPE-PRESCRIPTION EXPT-TYPE-PRESCRIPTION-NONZERO))
Warnings:  None
Time:  0.16 seconds (prove: 0.15, print: 0.00, other: 0.00)
DISTRIBUTIVITY-OF-EXPT-OVER-*

Summary
Form:  ( DEFTHM EXPT-1 ...)
Rules: ((:EXECUTABLE-COUNTERPART EQUAL)
        (:REWRITE LEFT-NULLITY-OF-1-FOR-EXPT))
Warnings:  None
Time:  0.00 seconds (prove: 0.00, print: 0.00, other: 0.00)
EXPT-1

Summary
Form:  ( DEFTHM EXPONENTS-MULTIPLY ...)
Rules: ((:COMPOUND-RECOGNIZER ZIP-COMPOUND-RECOGNIZER)
        (:DEFINITION =)
        (:DEFINITION EXPT)
        (:DEFINITION FIX)
        (:DEFINITION NOT)
        (:DEFINITION SYNP)
        (:EXECUTABLE-COUNTERPART BINARY-*)
        (:EXECUTABLE-COUNTERPART EQUAL)
        (:EXECUTABLE-COUNTERPART FIX)
        (:EXECUTABLE-COUNTERPART INTEGERP)
        (:EXECUTABLE-COUNTERPART NOT)
        (:EXECUTABLE-COUNTERPART ZIP)
        (:FAKE-RUNE-FOR-TYPE-SET NIL)
        (:GENERALIZE EXPT-TYPE-PRESCRIPTION-INTEGERP)
        (:GENERALIZE EXPT-TYPE-PRESCRIPTION-NONZERO)
        (:GENERALIZE EXPT-TYPE-PRESCRIPTION-POSITIVE)
        (:GENERALIZE EXPT-TYPE-PRESCRIPTION-RATIONALP)
        (:INDUCTION EXPT)
        (:REWRITE COMMUTATIVITY-2-OF-*)
        (:REWRITE COMMUTATIVITY-OF-*)
        (:REWRITE COMMUTATIVITY-OF-+)
        (:REWRITE DISTRIBUTIVITY)
        (:REWRITE DISTRIBUTIVITY-OF-EXPT-OVER-*)
        (:REWRITE EQUAL-*-/-1)
        (:REWRITE EQUAL-*-X-Y-X)
        (:REWRITE EXPONENTS-ADD)
        (:REWRITE EXPT-1)
        (:REWRITE EXPT-MINUS)
        (:REWRITE FUNCTIONAL-COMMUTATIVITY-OF-MINUS-*-RIGHT)
        (:REWRITE FUNCTIONAL-SELF-INVERSION-OF-/)
        (:REWRITE INVERSE-OF-*)
        (:REWRITE TIMES-ZERO)
        (:REWRITE UNICITY-OF-1)
        (:REWRITE ZERO-IS-ONLY-ZERO-DIVISOR)
        (:REWRITE ZIP-OPEN)
        (:TYPE-PRESCRIPTION EXPT)
        (:TYPE-PRESCRIPTION EXPT-TYPE-PRESCRIPTION-NONZERO))
Warnings:  None
Time:  1.77 seconds (prove: 1.77, print: 0.00, other: 0.00)
EXPONENTS-MULTIPLY

Summary
Form:  ( DEFTHM FUNCTIONAL-COMMUTATIVITY-OF-EXPT-/-BASE ...)
Rules: ((:COMPOUND-RECOGNIZER ZIP-COMPOUND-RECOGNIZER)
        (:DEFINITION =)
        (:DEFINITION EXPT)
        (:DEFINITION FIX)
        (:DEFINITION NOT)
        (:EXECUTABLE-COUNTERPART EQUAL)
        (:EXECUTABLE-COUNTERPART FIX)
        (:EXECUTABLE-COUNTERPART UNARY-/)
        (:FAKE-RUNE-FOR-TYPE-SET NIL)
        (:INDUCTION EXPT)
        (:REWRITE COMMUTATIVITY-2-OF-*)
        (:REWRITE COMMUTATIVITY-OF-*)
        (:REWRITE DEFAULT-UNARY-/)
        (:REWRITE DISTRIBUTIVITY-OF-/-OVER-*)
        (:REWRITE EQUAL-*-/-2)
        (:REWRITE EQUAL-/)
        (:REWRITE FUNCTIONAL-SELF-INVERSION-OF-/)
        (:REWRITE UNICITY-OF-1)
        (:TYPE-PRESCRIPTION EXPT)
        (:TYPE-PRESCRIPTION EXPT-TYPE-PRESCRIPTION-NONZERO))
Warnings:  None
Time:  0.09 seconds (prove: 0.08, print: 0.00, other: 0.00)
FUNCTIONAL-COMMUTATIVITY-OF-EXPT-/-BASE

Summary
Form:  ( DEFTHM EQUAL-CONSTANT-+ ...)
Rules: ((:DEFINITION FIX)
        (:EXECUTABLE-COUNTERPART ACL2-NUMBERP)
        (:EXECUTABLE-COUNTERPART NOT)
        (:EXECUTABLE-COUNTERPART SYNP)
        (:FAKE-RUNE-FOR-LINEAR NIL)
        (:FAKE-RUNE-FOR-TYPE-SET NIL)
        (:REWRITE COMMUTATIVITY-OF-+)
        (:REWRITE DEFAULT-+-2))
Warnings:  None
Time:  0.01 seconds (prove: 0.00, print: 0.00, other: 0.00)
EQUAL-CONSTANT-+

Summary
Form:  ( INCLUDE-BOOK "equalities" ...)
Rules: NIL
Warnings:  None
Time:  0.43 seconds (prove: 0.00, print: 0.00, other: 0.43)

Summary
Form:  (CERTIFY-BOOK "equalities" ...)
Rules: NIL
Warnings:  None
Time:  4.02 seconds (prove: 2.90, print: 0.00, other: 1.12)
 "/Users/zac/Desktop/acl2-sources/books/arithmetic/equalities.lisp"
ACL2 !>
Exiting the ACL2 read-eval-print loop.  To re-enter, execute (LP).
? 