Welcome to OpenMCL Version (Beta: Darwin) 0.14.3!

 ACL2 Version 3.2 built August 21, 2007  18:38:06.
 Copyright (C) 2007  University of Texas at Austin
 ACL2 comes with ABSOLUTELY NO WARRANTY.  This is free software and you
 are welcome to redistribute it under certain conditions.  For details,
 see the GNU General Public License.

 Initialized with (INITIALIZE-ACL2 'INCLUDE-BOOK *ACL2-PASS-2-FILES*).
 See the documentation topic note-3-2 for recent changes.
 Note: We have modified the prompt in some underlying Lisps to further
 distinguish it from the ACL2 prompt.

 NOTE!!  Proof trees are disabled in ACL2.  To enable them in emacs,
 look under the ACL2 source directory in interface/emacs/README.doc; 
 and, to turn on proof trees, execute :START-PROOF-TREE in the ACL2 
 command loop.   Look in the ACL2 documentation under PROOF-TREE.

ACL2 Version 3.2.  Level 1.  Cbd 
"/Users/zac/Desktop/acl2-sources/books/cowles/".
Type :help for help.
Type (good-bye) to quit completely out of ACL2.

ACL2 !>
Exiting the ACL2 read-eval-print loop.  To re-enter, execute (LP).
? [RAW LISP] #<Package "ACL2">
? [RAW LISP] 
ACL2 Version 3.2.  Level 1.  Cbd 
"/Users/zac/Desktop/acl2-sources/books/cowles/".
Type :help for help.
Type (good-bye) to quit completely out of ACL2.

ACL2 !> (PROVE PROOF-TREE
        WARNING OBSERVATION EVENT EXPANSION)
ACL2 !>
Summary
Form:  ( DEFPKG "ACL2-ASG" ...)
Rules: NIL
Warnings:  None
Time:  0.07 seconds (prove: 0.00, print: 0.00, other: 0.07)
 "ACL2-ASG"
ACL2 !>
Summary
Form:  ( DEFUN EQUIV ...)
Rules: ((:FAKE-RUNE-FOR-TYPE-SET NIL))
Warnings:  None
Time:  0.01 seconds (prove: 0.00, print: 0.00, other: 0.01)
EQUIV

Summary
Form:  ( DEFUN PRED ...)
Rules: ((:FAKE-RUNE-FOR-TYPE-SET NIL))
Warnings:  None
Time:  0.00 seconds (prove: 0.00, print: 0.00, other: 0.00)
PRED

Summary
Form:  ( DEFUN OP ...)
Rules: NIL
Warnings:  None
Time:  0.01 seconds (prove: 0.00, print: 0.00, other: 0.01)
OP

Summary
Form:  ( DEFTHM EQUIV-IS-AN-EQUIVALENCE ...)
Rules: ((:COMPOUND-RECOGNIZER BOOLEANP-COMPOUND-RECOGNIZER)
        (:DEFINITION EQUIV)
        (:FAKE-RUNE-FOR-TYPE-SET NIL))
Warnings:  None
Time:  0.00 seconds (prove: 0.00, print: 0.00, other: 0.00)
EQUIV-IS-AN-EQUIVALENCE

Summary
Form:  ( DEFTHM EQUIV-2-IMPLIES-EQUIV-OP ...)
Rules: ((:DEFINITION EQUIV))
Warnings:  None
Time:  0.00 seconds (prove: 0.00, print: 0.00, other: 0.00)
EQUIV-2-IMPLIES-EQUIV-OP

Summary
Form:  ( DEFTHM CLOSURE-OF-OP-FOR-PRED ...)
Rules: ((:DEFINITION PRED)
        (:FAKE-RUNE-FOR-TYPE-SET NIL)
        (:TYPE-PRESCRIPTION OP)
        (:TYPE-PRESCRIPTION PRED))
Warnings:  None
Time:  0.00 seconds (prove: 0.00, print: 0.00, other: 0.00)
CLOSURE-OF-OP-FOR-PRED

Summary
Form:  ( DEFTHM ASSOCIATIVITY-OF-OP ...)
Rules: ((:DEFINITION EQUIV)
        (:DEFINITION PRED)
        (:EXECUTABLE-COUNTERPART EQUAL)
        (:EXECUTABLE-COUNTERPART OP)
        (:FAKE-RUNE-FOR-TYPE-SET NIL))
Warnings:  None
Time:  0.00 seconds (prove: 0.00, print: 0.00, other: 0.00)
ASSOCIATIVITY-OF-OP

Summary
Form:  ( DEFTHM COMMUTATIVITY-OF-OP ...)
Rules: ((:DEFINITION EQUIV)
        (:DEFINITION PRED)
        (:EXECUTABLE-COUNTERPART EQUAL)
        (:EXECUTABLE-COUNTERPART OP)
        (:FAKE-RUNE-FOR-TYPE-SET NIL))
Warnings:  None
Time:  0.00 seconds (prove: 0.00, print: 0.00, other: 0.00)
COMMUTATIVITY-OF-OP

Summary
Form:  ( ENCAPSULATE ((EQUIV ...) ...) ...)
Rules: NIL
Warnings:  None
Time:  0.03 seconds (prove: 0.01, print: 0.00, other: 0.03)
T

Summary
Form:  ( DEFTHM COMMUTATIVITY-2-OF-OP-LEMMA ...)
Rules: ((:CONGRUENCE EQUIV-2-IMPLIES-EQUIV-OP)
        (:EQUIVALENCE EQUIV-IS-AN-EQUIVALENCE)
        (:FAKE-RUNE-FOR-TYPE-SET NIL)
        (:REWRITE CLOSURE-OF-OP-FOR-PRED)
        (:REWRITE COMMUTATIVITY-OF-OP))
Warnings:  None
Time:  0.00 seconds (prove: 0.00, print: 0.00, other: 0.00)
COMMUTATIVITY-2-OF-OP-LEMMA

Summary
Form:  ( DEFTHM COMMUTATIVITY-2-OF-OP ...)
Rules: ((:DEFINITION NOT)
        (:EQUIVALENCE EQUIV-IS-AN-EQUIVALENCE)
        (:FAKE-RUNE-FOR-TYPE-SET NIL)
        (:REWRITE ASSOCIATIVITY-OF-OP))
Warnings:  None
Time:  0.01 seconds (prove: 0.00, print: 0.00, other: 0.00)
COMMUTATIVITY-2-OF-OP

Summary
Form:  ( DEFMACRO ADD-COMMUTATIVITY-2 ...)
Rules: NIL
Warnings:  None
Time:  0.02 seconds (prove: 0.00, print: 0.00, other: 0.02)
ADD-COMMUTATIVITY-2

Summary
Form:  ( INCLUDE-BOOK "acl2-asg" ...)
Rules: NIL
Warnings:  None
Time:  0.02 seconds (prove: 0.00, print: 0.00, other: 0.02)

Summary
Form:  (CERTIFY-BOOK "acl2-asg" ...)
Rules: NIL
Warnings:  None
Time:  0.13 seconds (prove: 0.02, print: 0.00, other: 0.11)
 "/Users/zac/Desktop/acl2-sources/books/cowles/acl2-asg.lisp"
ACL2 !>
Exiting the ACL2 read-eval-print loop.  To re-enter, execute (LP).
? 