Welcome to OpenMCL Version (Beta: Darwin) 0.14.3!

 ACL2 Version 3.2 built August 21, 2007  18:38:06.
 Copyright (C) 2007  University of Texas at Austin
 ACL2 comes with ABSOLUTELY NO WARRANTY.  This is free software and you
 are welcome to redistribute it under certain conditions.  For details,
 see the GNU General Public License.

 Initialized with (INITIALIZE-ACL2 'INCLUDE-BOOK *ACL2-PASS-2-FILES*).
 See the documentation topic note-3-2 for recent changes.
 Note: We have modified the prompt in some underlying Lisps to further
 distinguish it from the ACL2 prompt.

 NOTE!!  Proof trees are disabled in ACL2.  To enable them in emacs,
 look under the ACL2 source directory in interface/emacs/README.doc; 
 and, to turn on proof trees, execute :START-PROOF-TREE in the ACL2 
 command loop.   Look in the ACL2 documentation under PROOF-TREE.

ACL2 Version 3.2.  Level 1.  Cbd 
"/Users/zac/Desktop/acl2-sources/books/arithmetic/".
Type :help for help.
Type (good-bye) to quit completely out of ACL2.

ACL2 !>
Exiting the ACL2 read-eval-print loop.  To re-enter, execute (LP).
? [RAW LISP] #<Package "ACL2">
? [RAW LISP] 
ACL2 Version 3.2.  Level 1.  Cbd 
"/Users/zac/Desktop/acl2-sources/books/arithmetic/".
Type :help for help.
Type (good-bye) to quit completely out of ACL2.

ACL2 !> (PROVE PROOF-TREE
        WARNING OBSERVATION EVENT EXPANSION)
ACL2 !>
Summary
Form:  ( INCLUDE-BOOK "top" ...)
Rules: NIL
Warnings:  None
Time:  0.85 seconds (prove: 0.00, print: 0.00, other: 0.85)
"/Users/zac/Desktop/acl2-sources/books/arithmetic/top.lisp"

Summary
Form:  ( INCLUDE-BOOK "factorial" ...)
Rules: NIL
Warnings:  None
Time:  0.01 seconds (prove: 0.00, print: 0.00, other: 0.01)
"/Users/zac/Desktop/acl2-sources/books/arithmetic/factorial.lisp"

Summary
Form:  ( INCLUDE-BOOK "sumlist" ...)
Rules: NIL
Warnings:  None
Time:  0.01 seconds (prove: 0.00, print: 0.00, other: 0.01)
"/Users/zac/Desktop/acl2-sources/books/arithmetic/sumlist.lisp"

Summary
Form:  ( DEFUN CHOOSE ...)
Rules: ((:FAKE-RUNE-FOR-TYPE-SET NIL)
        (:TYPE-PRESCRIPTION FACTORIAL-POSITIVE-INTEGER))
Warnings:  None
Time:  0.01 seconds (prove: 0.00, print: 0.00, other: 0.01)
CHOOSE

Summary
Form:  ( DEFTHM FACTORIAL-N/N-1 ...)
Rules: ((:COMPOUND-RECOGNIZER ZP-COMPOUND-RECOGNIZER)
        (:DEFINITION FACTORIAL)
        (:DEFINITION FIX)
        (:DEFINITION NOT)
        (:FAKE-RUNE-FOR-TYPE-SET NIL)
        (:REWRITE COMMUTATIVITY-2-OF-*)
        (:REWRITE COMMUTATIVITY-OF-*)
        (:REWRITE INVERSE-OF-*)
        (:REWRITE UNICITY-OF-1)
        (:TYPE-PRESCRIPTION FACTORIAL-POSITIVE-INTEGER))
Warnings:  None
Time:  0.01 seconds (prove: 0.01, print: 0.00, other: 0.00)
FACTORIAL-N/N-1

Summary
Form:  ( DEFTHM FACTORIAL-N/N-1/X ...)
Rules: ((:DEFINITION NOT)
        (:FAKE-RUNE-FOR-TYPE-SET NIL)
        (:REWRITE COMMUTATIVITY-2-OF-*)
        (:REWRITE COMMUTATIVITY-OF-*)
        (:REWRITE FACTORIAL-N/N-1))
Warnings:  None
Time:  0.00 seconds (prove: 0.00, print: 0.00, other: 0.00)
FACTORIAL-N/N-1/X

Summary
Form:  ( DEFTHM CHOOSE-REDUCTION ...)
Rules: ((:COMPOUND-RECOGNIZER ZP-COMPOUND-RECOGNIZER)
        (:DEFINITION CHOOSE)
        (:DEFINITION FACTORIAL)
        (:DEFINITION FIX)
        (:DEFINITION NOT)
        (:DEFINITION SYNP)
        (:EXECUTABLE-COUNTERPART BINARY-+)
        (:EXECUTABLE-COUNTERPART UNARY--)
        (:FAKE-RUNE-FOR-LINEAR NIL)
        (:FAKE-RUNE-FOR-TYPE-SET NIL)
        (:REWRITE /-CANCELLATION-ON-LEFT)
        (:REWRITE /-CANCELLATION-ON-RIGHT)
        (:REWRITE <-+-NEGATIVE-0-1)
        (:REWRITE COMMUTATIVITY-2-OF-*)
        (:REWRITE COMMUTATIVITY-2-OF-+)
        (:REWRITE COMMUTATIVITY-OF-*)
        (:REWRITE COMMUTATIVITY-OF-+)
        (:REWRITE DISTRIBUTIVITY)
        (:REWRITE DISTRIBUTIVITY-OF-/-OVER-*)
        (:REWRITE DISTRIBUTIVITY-OF-MINUS-OVER-+)
        (:REWRITE EQUAL-*-/-1)
        (:REWRITE EQUAL-*-/-2)
        (:REWRITE FACTORIAL-N/N-1)
        (:REWRITE FACTORIAL-N/N-1/X)
        (:REWRITE FOLD-CONSTS-IN-+)
        (:REWRITE FUNCTIONAL-COMMUTATIVITY-OF-MINUS-*-RIGHT)
        (:REWRITE MINUS-CANCELLATION-ON-LEFT)
        (:REWRITE UNICITY-OF-0)
        (:TYPE-PRESCRIPTION FACTORIAL-POSITIVE-INTEGER)
        (:TYPE-PRESCRIPTION |x < y  =>  0 < -x+y|))
Warnings:  None
Time:  0.05 seconds (prove: 0.05, print: 0.00, other: 0.00)
CHOOSE-REDUCTION

Summary
Form:  ( DEFUN CHOOSE-MK ...)
Rules: ((:DEFINITION ACL2-COUNT)
        (:DEFINITION INTEGER-ABS)
        (:DEFINITION NOT)
        (:DEFINITION O-FINP)
        (:DEFINITION O<)
        (:FAKE-RUNE-FOR-LINEAR NIL)
        (:FAKE-RUNE-FOR-TYPE-SET NIL)
        (:REWRITE <-+-NEGATIVE-0-1)
        (:TYPE-PRESCRIPTION |x < y  =>  0 < -x+y|))
Warnings:  None
Time:  0.05 seconds (prove: 0.02, print: 0.00, other: 0.02)
CHOOSE-MK

Summary
Form:  ( DEFTHM CHOOSE-MK-CHOOSE ...)
Rules: ((:DEFINITION CHOOSE)
        (:DEFINITION CHOOSE-MK)
        (:DEFINITION FIX)
        (:DEFINITION NOT)
        (:EXECUTABLE-COUNTERPART <)
        (:EXECUTABLE-COUNTERPART ACL2-NUMBERP)
        (:EXECUTABLE-COUNTERPART EQUAL)
        (:EXECUTABLE-COUNTERPART FACTORIAL)
        (:EXECUTABLE-COUNTERPART INTEGERP)
        (:EXECUTABLE-COUNTERPART UNARY--)
        (:FAKE-RUNE-FOR-LINEAR NIL)
        (:FAKE-RUNE-FOR-TYPE-SET NIL)
        (:INDUCTION CHOOSE-MK)
        (:REWRITE COMMUTATIVITY-2-OF-*)
        (:REWRITE COMMUTATIVITY-OF-*)
        (:REWRITE COMMUTATIVITY-OF-+)
        (:REWRITE DISTRIBUTIVITY-OF-/-OVER-*)
        (:REWRITE EQUAL-*-/-1)
        (:REWRITE EQUAL-*-/-2)
        (:REWRITE INVERSE-OF-*)
        (:REWRITE INVERSE-OF-+)
        (:REWRITE UNICITY-OF-0)
        (:REWRITE UNICITY-OF-1)
        (:TYPE-PRESCRIPTION FACTORIAL-POSITIVE-INTEGER))
Warnings:  None
Time:  0.04 seconds (prove: 0.03, print: 0.00, other: 0.00)
CHOOSE-MK-CHOOSE

Summary
Form:  ( DEFTHM CHOOSE-IS-NON-NEGATIVE-INTEGER ...)
Rules: ((:FAKE-RUNE-FOR-TYPE-SET NIL)
        (:TYPE-PRESCRIPTION CHOOSE)
        (:TYPE-PRESCRIPTION CHOOSE-MK))
Warnings:  None
Time:  0.00 seconds (prove: 0.00, print: 0.00, other: 0.00)
CHOOSE-IS-NON-NEGATIVE-INTEGER

Summary
Form:  ( DEFUN BINOMIAL-EXPANSION ...)
Rules: ((:COMPOUND-RECOGNIZER NATP-COMPOUND-RECOGNIZER)
        (:DEFINITION FIX)
        (:DEFINITION NFIX)
        (:DEFINITION NOT)
        (:DEFINITION O-FINP)
        (:DEFINITION O-P)
        (:DEFINITION O<)
        (:DEFINITION SYNP)
        (:EXECUTABLE-COUNTERPART BINARY-+)
        (:EXECUTABLE-COUNTERPART UNARY--)
        (:FAKE-RUNE-FOR-LINEAR NIL)
        (:FAKE-RUNE-FOR-TYPE-SET NIL)
        (:REWRITE <-+-NEGATIVE-0-1)
        (:REWRITE COMMUTATIVITY-2-OF-+)
        (:REWRITE COMMUTATIVITY-OF-+)
        (:REWRITE DISTRIBUTIVITY-OF-MINUS-OVER-+)
        (:REWRITE FOLD-CONSTS-IN-+)
        (:REWRITE UNICITY-OF-0))
Warnings:  None
Time:  0.03 seconds (prove: 0.01, print: 0.00, other: 0.02)
BINOMIAL-EXPANSION

Summary
Form:  ( DEFUN BINOMIAL-EXPANSION-TIMES-X ...)
Rules: ((:COMPOUND-RECOGNIZER NATP-COMPOUND-RECOGNIZER)
        (:DEFINITION FIX)
        (:DEFINITION NFIX)
        (:DEFINITION NOT)
        (:DEFINITION O-FINP)
        (:DEFINITION O-P)
        (:DEFINITION O<)
        (:DEFINITION SYNP)
        (:EXECUTABLE-COUNTERPART BINARY-+)
        (:EXECUTABLE-COUNTERPART UNARY--)
        (:FAKE-RUNE-FOR-LINEAR NIL)
        (:FAKE-RUNE-FOR-TYPE-SET NIL)
        (:REWRITE <-+-NEGATIVE-0-1)
        (:REWRITE COMMUTATIVITY-2-OF-+)
        (:REWRITE COMMUTATIVITY-OF-+)
        (:REWRITE DISTRIBUTIVITY-OF-MINUS-OVER-+)
        (:REWRITE FOLD-CONSTS-IN-+)
        (:REWRITE UNICITY-OF-0))
Warnings:  None
Time:  0.03 seconds (prove: 0.01, print: 0.00, other: 0.02)
BINOMIAL-EXPANSION-TIMES-X

Summary
Form:  ( DEFTHM BINOMIAL-EXPANSION-TIMES-X-CORRECT ...)
Rules: ((:DEFINITION BINOMIAL-EXPANSION)
        (:DEFINITION BINOMIAL-EXPANSION-TIMES-X)
        (:DEFINITION FIX)
        (:DEFINITION NOT)
        (:DEFINITION SUMLIST)
        (:EXECUTABLE-COUNTERPART EQUAL)
        (:EXECUTABLE-COUNTERPART SUMLIST)
        (:FAKE-RUNE-FOR-TYPE-SET NIL)
        (:INDUCTION BINOMIAL-EXPANSION)
        (:INDUCTION BINOMIAL-EXPANSION-TIMES-X)
        (:REWRITE CAR-CONS)
        (:REWRITE CDR-CONS)
        (:REWRITE COMMUTATIVITY-2-OF-*)
        (:REWRITE COMMUTATIVITY-OF-*)
        (:REWRITE COMMUTATIVITY-OF-+)
        (:REWRITE DISTRIBUTIVITY)
        (:REWRITE EXPONENTS-ADD-FOR-NONNEG-EXPONENTS)
        (:REWRITE LEFT-CANCELLATION-FOR-+)
        (:REWRITE RIGHT-UNICITY-OF-1-FOR-EXPT)
        (:REWRITE TIMES-ZERO)
        (:TYPE-PRESCRIPTION BINOMIAL-EXPANSION)
        (:TYPE-PRESCRIPTION BINOMIAL-EXPANSION-TIMES-X)
        (:TYPE-PRESCRIPTION CHOOSE-IS-NON-NEGATIVE-INTEGER)
        (:TYPE-PRESCRIPTION EXPT))
Warnings:  None
Time:  0.12 seconds (prove: 0.11, print: 0.00, other: 0.00)
BINOMIAL-EXPANSION-TIMES-X-CORRECT

Summary
Form:  ( DEFUN BINOMIAL-EXPANSION-TIMES-Y ...)
Rules: ((:COMPOUND-RECOGNIZER NATP-COMPOUND-RECOGNIZER)
        (:DEFINITION FIX)
        (:DEFINITION NFIX)
        (:DEFINITION NOT)
        (:DEFINITION O-FINP)
        (:DEFINITION O-P)
        (:DEFINITION O<)
        (:DEFINITION SYNP)
        (:EXECUTABLE-COUNTERPART BINARY-+)
        (:EXECUTABLE-COUNTERPART UNARY--)
        (:FAKE-RUNE-FOR-LINEAR NIL)
        (:FAKE-RUNE-FOR-TYPE-SET NIL)
        (:REWRITE <-+-NEGATIVE-0-1)
        (:REWRITE COMMUTATIVITY-2-OF-+)
        (:REWRITE COMMUTATIVITY-OF-+)
        (:REWRITE DISTRIBUTIVITY-OF-MINUS-OVER-+)
        (:REWRITE FOLD-CONSTS-IN-+)
        (:REWRITE UNICITY-OF-0))
Warnings:  None
Time:  0.04 seconds (prove: 0.01, print: 0.00, other: 0.03)
BINOMIAL-EXPANSION-TIMES-Y

Summary
Form:  ( DEFTHM BINOMIAL-EXPANSION-TIMES-Y-CORRECT ...)
Rules: ((:DEFINITION BINOMIAL-EXPANSION)
        (:DEFINITION BINOMIAL-EXPANSION-TIMES-Y)
        (:DEFINITION FIX)
        (:DEFINITION NOT)
        (:DEFINITION SUMLIST)
        (:EXECUTABLE-COUNTERPART EQUAL)
        (:EXECUTABLE-COUNTERPART SUMLIST)
        (:FAKE-RUNE-FOR-LINEAR NIL)
        (:FAKE-RUNE-FOR-TYPE-SET NIL)
        (:INDUCTION BINOMIAL-EXPANSION)
        (:INDUCTION BINOMIAL-EXPANSION-TIMES-Y)
        (:REWRITE CAR-CONS)
        (:REWRITE CDR-CONS)
        (:REWRITE COMMUTATIVITY-2-OF-*)
        (:REWRITE COMMUTATIVITY-OF-*)
        (:REWRITE COMMUTATIVITY-OF-+)
        (:REWRITE DISTRIBUTIVITY)
        (:REWRITE EXPONENTS-ADD-FOR-NONNEG-EXPONENTS)
        (:REWRITE LEFT-CANCELLATION-FOR-+)
        (:REWRITE RIGHT-UNICITY-OF-1-FOR-EXPT)
        (:REWRITE TIMES-ZERO)
        (:TYPE-PRESCRIPTION BINOMIAL-EXPANSION)
        (:TYPE-PRESCRIPTION BINOMIAL-EXPANSION-TIMES-Y)
        (:TYPE-PRESCRIPTION CHOOSE-IS-NON-NEGATIVE-INTEGER)
        (:TYPE-PRESCRIPTION EXPT))
Warnings:  None
Time:  0.11 seconds (prove: 0.11, print: 0.00, other: 0.00)
BINOMIAL-EXPANSION-TIMES-Y-CORRECT

Summary
Form:  ( DEFUN BINOMIAL-EXPANSION-TRIANGLE ...)
Rules: ((:COMPOUND-RECOGNIZER NATP-COMPOUND-RECOGNIZER)
        (:DEFINITION FIX)
        (:DEFINITION NFIX)
        (:DEFINITION NOT)
        (:DEFINITION O-FINP)
        (:DEFINITION O-P)
        (:DEFINITION O<)
        (:DEFINITION SYNP)
        (:EXECUTABLE-COUNTERPART BINARY-+)
        (:EXECUTABLE-COUNTERPART UNARY--)
        (:FAKE-RUNE-FOR-LINEAR NIL)
        (:FAKE-RUNE-FOR-TYPE-SET NIL)
        (:REWRITE <-+-NEGATIVE-0-1)
        (:REWRITE COMMUTATIVITY-2-OF-+)
        (:REWRITE COMMUTATIVITY-OF-+)
        (:REWRITE DISTRIBUTIVITY-OF-MINUS-OVER-+)
        (:REWRITE FOLD-CONSTS-IN-+)
        (:REWRITE UNICITY-OF-0))
Warnings:  None
Time:  0.04 seconds (prove: 0.01, print: 0.00, other: 0.03)
BINOMIAL-EXPANSION-TRIANGLE

Summary
Form:  ( DEFTHM BINOMIAL-EXPANSION-TIMES-X-PLUS-TIMES-Y ...)
Rules: ((:DEFINITION BINOMIAL-EXPANSION-TIMES-X)
        (:DEFINITION BINOMIAL-EXPANSION-TIMES-Y)
        (:DEFINITION BINOMIAL-EXPANSION-TRIANGLE)
        (:DEFINITION FIX)
        (:DEFINITION NOT)
        (:DEFINITION SUMLIST)
        (:EXECUTABLE-COUNTERPART BINARY-+)
        (:EXECUTABLE-COUNTERPART EQUAL)
        (:EXECUTABLE-COUNTERPART SUMLIST)
        (:FAKE-RUNE-FOR-LINEAR NIL)
        (:FAKE-RUNE-FOR-TYPE-SET NIL)
        (:INDUCTION BINOMIAL-EXPANSION-TIMES-X)
        (:INDUCTION BINOMIAL-EXPANSION-TIMES-Y)
        (:INDUCTION BINOMIAL-EXPANSION-TRIANGLE)
        (:REWRITE CAR-CONS)
        (:REWRITE CDR-CONS)
        (:REWRITE COMMUTATIVITY-2-OF-*)
        (:REWRITE COMMUTATIVITY-2-OF-+)
        (:REWRITE COMMUTATIVITY-OF-*)
        (:REWRITE COMMUTATIVITY-OF-+)
        (:REWRITE EXPONENTS-ADD-FOR-NONNEG-EXPONENTS)
        (:REWRITE RIGHT-UNICITY-OF-1-FOR-EXPT)
        (:REWRITE TIMES-ZERO)
        (:TYPE-PRESCRIPTION BINOMIAL-EXPANSION-TIMES-X)
        (:TYPE-PRESCRIPTION BINOMIAL-EXPANSION-TIMES-Y)
        (:TYPE-PRESCRIPTION BINOMIAL-EXPANSION-TRIANGLE))
Warnings:  None
Time:  0.09 seconds (prove: 0.08, print: 0.00, other: 0.00)
BINOMIAL-EXPANSION-TIMES-X-PLUS-TIMES-Y

Summary
Form:  ( DEFUN BINOMIAL-EXPANSION-PASCAL-TRIANGLE ...)
Rules: ((:COMPOUND-RECOGNIZER NATP-COMPOUND-RECOGNIZER)
        (:DEFINITION FIX)
        (:DEFINITION NFIX)
        (:DEFINITION NOT)
        (:DEFINITION O-FINP)
        (:DEFINITION O-P)
        (:DEFINITION O<)
        (:DEFINITION SYNP)
        (:EXECUTABLE-COUNTERPART BINARY-+)
        (:EXECUTABLE-COUNTERPART UNARY--)
        (:FAKE-RUNE-FOR-LINEAR NIL)
        (:FAKE-RUNE-FOR-TYPE-SET NIL)
        (:REWRITE <-+-NEGATIVE-0-1)
        (:REWRITE COMMUTATIVITY-2-OF-+)
        (:REWRITE COMMUTATIVITY-OF-+)
        (:REWRITE DISTRIBUTIVITY-OF-MINUS-OVER-+)
        (:REWRITE FOLD-CONSTS-IN-+)
        (:REWRITE UNICITY-OF-0)
        (:TYPE-PRESCRIPTION |x < y  =>  0 < -x+y|))
Warnings:  None
Time:  0.07 seconds (prove: 0.01, print: 0.00, other: 0.06)
BINOMIAL-EXPANSION-PASCAL-TRIANGLE

Summary
Form:  ( DEFTHM SILLY-INEQUALITY ...)
Rules: ((:DEFINITION NOT)
        (:FAKE-RUNE-FOR-LINEAR NIL)
        (:FAKE-RUNE-FOR-TYPE-SET NIL))
Warnings:  None
Time:  0.00 seconds (prove: 0.00, print: 0.00, other: 0.00)
SILLY-INEQUALITY

Summary
Form:  ( DEFTHM CHOOSE-K-K ...)
Rules: ((:DEFINITION CHOOSE)
        (:DEFINITION FIX)
        (:DEFINITION NOT)
        (:EXECUTABLE-COUNTERPART FACTORIAL)
        (:FAKE-RUNE-FOR-LINEAR NIL)
        (:FAKE-RUNE-FOR-TYPE-SET NIL)
        (:REWRITE COMMUTATIVITY-OF-*)
        (:REWRITE INVERSE-OF-*)
        (:REWRITE INVERSE-OF-+)
        (:REWRITE UNICITY-OF-1)
        (:TYPE-PRESCRIPTION FACTORIAL-POSITIVE-INTEGER))
Warnings:  None
Time:  0.00 seconds (prove: 0.00, print: 0.00, other: 0.00)
CHOOSE-K-K

Summary
Form:  ( DEFTHM EXPT-X-0 ...)
Rules: ((:DEFINITION EXPT)
        (:EXECUTABLE-COUNTERPART EQUAL)
        (:EXECUTABLE-COUNTERPART ZIP))
Warnings:  None
Time:  0.00 seconds (prove: 0.00, print: 0.00, other: 0.00)
EXPT-X-0

Summary
Form:  ( DEFTHM BINOMIAL-EXPANSION-TRIANGLE-X-Y-K-1+K ...)
Rules: ((:DEFINITION BINOMIAL-EXPANSION-TRIANGLE)
        (:DEFINITION CHOOSE)
        (:DEFINITION EXPT)
        (:DEFINITION FIX)
        (:DEFINITION NOT)
        (:DEFINITION SYNP)
        (:EXECUTABLE-COUNTERPART <)
        (:EXECUTABLE-COUNTERPART ACL2-NUMBERP)
        (:EXECUTABLE-COUNTERPART BINARY-+)
        (:EXECUTABLE-COUNTERPART FACTORIAL)
        (:EXECUTABLE-COUNTERPART FIX)
        (:EXECUTABLE-COUNTERPART NOT)
        (:EXECUTABLE-COUNTERPART UNARY--)
        (:EXECUTABLE-COUNTERPART ZIP)
        (:FAKE-RUNE-FOR-LINEAR NIL)
        (:FAKE-RUNE-FOR-TYPE-SET NIL)
        (:REWRITE ASSOCIATIVITY-OF-*)
        (:REWRITE COMMUTATIVITY-2-OF-*)
        (:REWRITE COMMUTATIVITY-OF-*)
        (:REWRITE DISTRIBUTIVITY-OF-MINUS-OVER-+)
        (:REWRITE EXPONENTS-ADD-FOR-NONNEG-EXPONENTS)
        (:REWRITE EXPT-MINUS)
        (:REWRITE EXPT-X-0)
        (:REWRITE FOLD-CONSTS-IN-+)
        (:REWRITE MINUS-CANCELLATION-ON-RIGHT)
        (:REWRITE RIGHT-UNICITY-OF-1-FOR-EXPT)
        (:REWRITE TIMES-ZERO)
        (:REWRITE UNICITY-OF-1)
        (:TYPE-PRESCRIPTION FACTORIAL-POSITIVE-INTEGER))
Warnings:  None
Time:  0.05 seconds (prove: 0.05, print: 0.00, other: 0.00)
BINOMIAL-EXPANSION-TRIANGLE-X-Y-K-1+K

Summary
Form:  ( DEFTHM BINOMIAL-EXPANSION-TRIANGLE-X-Y-K-K-LEMMA ...)
Rules: ((:DEFINITION BINOMIAL-EXPANSION-TRIANGLE)
        (:DEFINITION EXPT)
        (:DEFINITION FIX)
        (:DEFINITION NOT)
        (:EXECUTABLE-COUNTERPART BINARY-+)
        (:EXECUTABLE-COUNTERPART CONS)
        (:EXECUTABLE-COUNTERPART EQUAL)
        (:EXECUTABLE-COUNTERPART NOT)
        (:FAKE-RUNE-FOR-LINEAR NIL)
        (:FAKE-RUNE-FOR-TYPE-SET NIL)
        (:REWRITE BINOMIAL-EXPANSION-TRIANGLE-X-Y-K-1+K)
        (:REWRITE CHOOSE-K-K)
        (:REWRITE COMMUTATIVITY-OF-*)
        (:REWRITE DEFAULT-*-1)
        (:REWRITE EXPONENTS-ADD-FOR-NONNEG-EXPONENTS)
        (:REWRITE EXPT-X-0)
        (:REWRITE INVERSE-OF-+)
        (:REWRITE RIGHT-UNICITY-OF-1-FOR-EXPT)
        (:REWRITE TIMES-ZERO)
        (:REWRITE UNICITY-OF-1))
Warnings:  None
Time:  0.03 seconds (prove: 0.03, print: 0.00, other: 0.00)
BINOMIAL-EXPANSION-TRIANGLE-X-Y-K-K-LEMMA

Summary
Form:  ( DEFTHM BINOMIAL-EXPANSION-PASCAL-TRIANGLE-CORRECT ...)
Rules: ((:DEFINITION =)
        (:DEFINITION BINOMIAL-EXPANSION-PASCAL-TRIANGLE)
        (:DEFINITION BINOMIAL-EXPANSION-TRIANGLE)
        (:DEFINITION FIX)
        (:DEFINITION NOT)
        (:DEFINITION SUMLIST)
        (:EXECUTABLE-COUNTERPART BINARY-+)
        (:EXECUTABLE-COUNTERPART EQUAL)
        (:EXECUTABLE-COUNTERPART FIX)
        (:EXECUTABLE-COUNTERPART NOT)
        (:EXECUTABLE-COUNTERPART SUMLIST)
        (:EXECUTABLE-COUNTERPART UNARY--)
        (:FAKE-RUNE-FOR-LINEAR NIL)
        (:FAKE-RUNE-FOR-TYPE-SET NIL)
        (:INDUCTION BINOMIAL-EXPANSION-PASCAL-TRIANGLE)
        (:INDUCTION BINOMIAL-EXPANSION-TRIANGLE)
        (:REWRITE ASSOCIATIVITY-OF-+)
        (:REWRITE BINOMIAL-EXPANSION-TRIANGLE-X-Y-K-K-LEMMA)
        (:REWRITE CAR-CONS)
        (:REWRITE CDR-CONS)
        (:REWRITE CHOOSE-K-K)
        (:REWRITE COMMUTATIVITY-2-OF-+)
        (:REWRITE COMMUTATIVITY-OF-*)
        (:REWRITE COMMUTATIVITY-OF-+)
        (:REWRITE DEFAULT-*-1)
        (:REWRITE DISTRIBUTIVITY-OF-MINUS-OVER-+)
        (:REWRITE EXPONENTS-ADD-FOR-NONNEG-EXPONENTS)
        (:REWRITE EXPT-X-0)
        (:REWRITE INVERSE-OF-+)
        (:REWRITE MINUS-CANCELLATION-ON-LEFT)
        (:REWRITE RIGHT-CANCELLATION-FOR-+)
        (:REWRITE RIGHT-UNICITY-OF-1-FOR-EXPT)
        (:REWRITE TIMES-ZERO)
        (:REWRITE UNICITY-OF-0)
        (:REWRITE UNICITY-OF-1)
        (:TYPE-PRESCRIPTION BINOMIAL-EXPANSION-PASCAL-TRIANGLE)
        (:TYPE-PRESCRIPTION BINOMIAL-EXPANSION-TRIANGLE)
        (:TYPE-PRESCRIPTION EXPT)
        (:TYPE-PRESCRIPTION |x < y  =>  0 < -x+y|))
Warnings:  None
Time:  0.16 seconds (prove: 0.15, print: 0.00, other: 0.00)
BINOMIAL-EXPANSION-PASCAL-TRIANGLE-CORRECT

Summary
Form:  ( DEFTHM BINOMIAL-EXPANSION-ZERO ...)
Rules: ((:DEFINITION BINOMIAL-EXPANSION)
        (:EXECUTABLE-COUNTERPART EQUAL))
Warnings:  None
Time:  0.00 seconds (prove: 0.00, print: 0.00, other: 0.00)
BINOMIAL-EXPANSION-ZERO

Summary
Form:  ( DEFTHM PASCAL-TRIANGLE-BINOMIAL ...)
Rules: ((:DEFINITION =)
        (:DEFINITION BINOMIAL-EXPANSION)
        (:DEFINITION BINOMIAL-EXPANSION-PASCAL-TRIANGLE)
        (:DEFINITION FIX)
        (:DEFINITION NOT)
        (:DEFINITION SUMLIST)
        (:DEFINITION SYNP)
        (:EXECUTABLE-COUNTERPART BINARY-+)
        (:EXECUTABLE-COUNTERPART EQUAL)
        (:EXECUTABLE-COUNTERPART NOT)
        (:EXECUTABLE-COUNTERPART SUMLIST)
        (:EXECUTABLE-COUNTERPART UNARY--)
        (:FAKE-RUNE-FOR-LINEAR NIL)
        (:FAKE-RUNE-FOR-TYPE-SET NIL)
        (:INDUCTION BINOMIAL-EXPANSION-PASCAL-TRIANGLE)
        (:REWRITE BINOMIAL-EXPANSION-ZERO)
        (:REWRITE CAR-CONS)
        (:REWRITE CDR-CONS)
        (:REWRITE CHOOSE-K-K)
        (:REWRITE COMMUTATIVITY-2-OF-*)
        (:REWRITE COMMUTATIVITY-2-OF-+)
        (:REWRITE COMMUTATIVITY-OF-*)
        (:REWRITE COMMUTATIVITY-OF-+)
        (:REWRITE DISTRIBUTIVITY)
        (:REWRITE DISTRIBUTIVITY-OF-MINUS-OVER-+)
        (:REWRITE EXPT-X-0)
        (:REWRITE FOLD-CONSTS-IN-+)
        (:REWRITE INVERSE-OF-+)
        (:REWRITE SILLY-INEQUALITY)
        (:REWRITE UNICITY-OF-0)
        (:REWRITE UNICITY-OF-1)
        (:TYPE-PRESCRIPTION BINOMIAL-EXPANSION)
        (:TYPE-PRESCRIPTION BINOMIAL-EXPANSION-PASCAL-TRIANGLE)
        (:TYPE-PRESCRIPTION EXPT)
        (:TYPE-PRESCRIPTION |x < y  =>  0 < -x+y|))
Warnings:  None
Time:  0.55 seconds (prove: 0.55, print: 0.00, other: 0.00)
PASCAL-TRIANGLE-BINOMIAL

Summary
Form:  ( DEFTHM CHOOSE-0-N ...)
Rules: ((:DEFINITION CHOOSE)
        (:DEFINITION FIX)
        (:DEFINITION NOT)
        (:EXECUTABLE-COUNTERPART <)
        (:EXECUTABLE-COUNTERPART FACTORIAL)
        (:EXECUTABLE-COUNTERPART INTEGERP)
        (:EXECUTABLE-COUNTERPART UNARY--)
        (:FAKE-RUNE-FOR-TYPE-SET NIL)
        (:REWRITE COMMUTATIVITY-OF-+)
        (:REWRITE INVERSE-OF-*)
        (:REWRITE UNICITY-OF-0)
        (:REWRITE UNICITY-OF-1)
        (:TYPE-PRESCRIPTION FACTORIAL-POSITIVE-INTEGER))
Warnings:  None
Time:  0.00 seconds (prove: 0.00, print: 0.00, other: 0.00)
CHOOSE-0-N

Summary
Form:  ( DEFTHM BINOMIAL-THEOREM-INDUCTION-LEMMA ...)
Rules: ((:DEFINITION BINOMIAL-EXPANSION)
        (:DEFINITION FIX)
        (:DEFINITION NOT)
        (:DEFINITION SUMLIST)
        (:DEFINITION SYNP)
        (:EXECUTABLE-COUNTERPART <)
        (:EXECUTABLE-COUNTERPART BINARY-+)
        (:EXECUTABLE-COUNTERPART INTEGERP)
        (:EXECUTABLE-COUNTERPART NOT)
        (:EXECUTABLE-COUNTERPART UNARY--)
        (:FAKE-RUNE-FOR-TYPE-SET NIL)
        (:REWRITE <-+-NEGATIVE-0-1)
        (:REWRITE BINOMIAL-EXPANSION-PASCAL-TRIANGLE-CORRECT)
        (:REWRITE BINOMIAL-EXPANSION-TIMES-X-CORRECT)
        (:REWRITE BINOMIAL-EXPANSION-TIMES-X-PLUS-TIMES-Y)
        (:REWRITE BINOMIAL-EXPANSION-TIMES-Y-CORRECT)
        (:REWRITE CAR-CONS)
        (:REWRITE CDR-CONS)
        (:REWRITE CHOOSE-0-N)
        (:REWRITE COMMUTATIVITY-OF-+)
        (:REWRITE EXPT-X-0)
        (:REWRITE FOLD-CONSTS-IN-+)
        (:REWRITE PASCAL-TRIANGLE-BINOMIAL)
        (:REWRITE SILLY-INEQUALITY)
        (:REWRITE UNICITY-OF-0)
        (:REWRITE UNICITY-OF-1)
        (:TYPE-PRESCRIPTION BINOMIAL-EXPANSION)
        (:TYPE-PRESCRIPTION EXPT))
Warnings:  None
Time:  0.03 seconds (prove: 0.03, print: 0.00, other: 0.00)
BINOMIAL-THEOREM-INDUCTION-LEMMA

Summary
Form:  ( DEFUN N-EXPT ...)
Rules: ((:DEFINITION NOT)
        (:FAKE-RUNE-FOR-TYPE-SET NIL))
Warnings:  None
Time:  0.03 seconds (prove: 0.00, print: 0.00, other: 0.03)
N-EXPT

Summary
Form:  ( DEFTHM DISTRIBUTIVITY-2 ...)
Rules: ((:FAKE-RUNE-FOR-TYPE-SET NIL)
        (:REWRITE COMMUTATIVITY-OF-*)
        (:REWRITE DISTRIBUTIVITY))
Warnings:  None
Time:  0.00 seconds (prove: 0.00, print: 0.00, other: 0.00)
DISTRIBUTIVITY-2

Summary
Form:  ( DEFTHM BINOMIAL-THEOREM-FAKE ...)
Rules: ((:DEFINITION BINOMIAL-EXPANSION)
        (:DEFINITION N-EXPT)
        (:DEFINITION NOT)
        (:EXECUTABLE-COUNTERPART <)
        (:EXECUTABLE-COUNTERPART BINARY-*)
        (:EXECUTABLE-COUNTERPART BINARY-+)
        (:EXECUTABLE-COUNTERPART CHOOSE)
        (:EXECUTABLE-COUNTERPART CONS)
        (:EXECUTABLE-COUNTERPART EQUAL)
        (:EXECUTABLE-COUNTERPART INTEGERP)
        (:EXECUTABLE-COUNTERPART NOT)
        (:EXECUTABLE-COUNTERPART SUMLIST)
        (:EXECUTABLE-COUNTERPART UNARY--)
        (:FAKE-RUNE-FOR-TYPE-SET NIL)
        (:INDUCTION N-EXPT)
        (:REWRITE <-+-NEGATIVE-0-1)
        (:REWRITE BINOMIAL-EXPANSION-ZERO)
        (:REWRITE DISTRIBUTIVITY-2)
        (:REWRITE EXPT-X-0)
        (:REWRITE SILLY-INEQUALITY))
Warnings:  None
Time:  0.03 seconds (prove: 0.02, print: 0.00, other: 0.00)
BINOMIAL-THEOREM-FAKE

Summary
Form:  ( DEFTHM N-EXPT-EXPT ...)
Rules: ((:COMPOUND-RECOGNIZER ZIP-COMPOUND-RECOGNIZER)
        (:DEFINITION =)
        (:DEFINITION EXPT)
        (:DEFINITION FIX)
        (:DEFINITION N-EXPT)
        (:DEFINITION NOT)
        (:EXECUTABLE-COUNTERPART <)
        (:EXECUTABLE-COUNTERPART EQUAL)
        (:EXECUTABLE-COUNTERPART FIX)
        (:EXECUTABLE-COUNTERPART INTEGERP)
        (:EXECUTABLE-COUNTERPART NOT)
        (:EXECUTABLE-COUNTERPART ZIP)
        (:FAKE-RUNE-FOR-LINEAR NIL)
        (:FAKE-RUNE-FOR-TYPE-SET NIL)
        (:INDUCTION EXPT)
        (:REWRITE COMMUTATIVITY-OF-+)
        (:REWRITE DEFAULT-*-1)
        (:REWRITE EXPT-X-0)
        (:REWRITE TIMES-ZERO))
Warnings:  None
Time:  0.03 seconds (prove: 0.03, print: 0.00, other: 0.00)
N-EXPT-EXPT

Summary
Form:  ( DEFTHM BINOMIAL-THEOREM ...)
Rules: ((:DEFINITION NOT)
        (:FAKE-RUNE-FOR-TYPE-SET NIL)
        (:REWRITE BINOMIAL-THEOREM-FAKE)
        (:REWRITE N-EXPT-EXPT))
Warnings:  None
Time:  0.01 seconds (prove: 0.01, print: 0.00, other: 0.00)
BINOMIAL-THEOREM

Summary
Form:  ( DEFTHM BINOMIAL-SUM-COMMUTES ...)
Rules: ((:DEFINITION NOT)
        (:EXECUTABLE-COUNTERPART NOT)
        (:FAKE-RUNE-FOR-TYPE-SET NIL)
        (:REWRITE BINOMIAL-THEOREM-FAKE)
        (:REWRITE COMMUTATIVITY-OF-+)
        (:REWRITE N-EXPT-EXPT))
Warnings:  None
Time:  0.02 seconds (prove: 0.01, print: 0.00, other: 0.00)
BINOMIAL-SUM-COMMUTES

Summary
Form:  ( INCLUDE-BOOK "binomial" ...)
Rules: NIL
Warnings:  None
Time:  0.99 seconds (prove: 0.00, print: 0.00, other: 0.99)

Summary
Form:  (CERTIFY-BOOK "binomial" ...)
Rules: NIL
Warnings:  None
Time:  3.52 seconds (prove: 1.36, print: 0.00, other: 2.16)
 "/Users/zac/Desktop/acl2-sources/books/arithmetic/binomial.lisp"
ACL2 !>
Exiting the ACL2 read-eval-print loop.  To re-enter, execute (LP).
? 