Welcome to OpenMCL Version (Beta: Darwin) 0.14.3!

 ACL2 Version 3.2 built August 21, 2007  18:38:06.
 Copyright (C) 2007  University of Texas at Austin
 ACL2 comes with ABSOLUTELY NO WARRANTY.  This is free software and you
 are welcome to redistribute it under certain conditions.  For details,
 see the GNU General Public License.

 Initialized with (INITIALIZE-ACL2 'INCLUDE-BOOK *ACL2-PASS-2-FILES*).
 See the documentation topic note-3-2 for recent changes.
 Note: We have modified the prompt in some underlying Lisps to further
 distinguish it from the ACL2 prompt.

 NOTE!!  Proof trees are disabled in ACL2.  To enable them in emacs,
 look under the ACL2 source directory in interface/emacs/README.doc; 
 and, to turn on proof trees, execute :START-PROOF-TREE in the ACL2 
 command loop.   Look in the ACL2 documentation under PROOF-TREE.

ACL2 Version 3.2.  Level 1.  Cbd 
"/Users/zac/Desktop/acl2-sources/books/arithmetic/".
Type :help for help.
Type (good-bye) to quit completely out of ACL2.

ACL2 !>
Exiting the ACL2 read-eval-print loop.  To re-enter, execute (LP).
? [RAW LISP] #<Package "ACL2">
? [RAW LISP] 
ACL2 Version 3.2.  Level 1.  Cbd 
"/Users/zac/Desktop/acl2-sources/books/arithmetic/".
Type :help for help.
Type (good-bye) to quit completely out of ACL2.

ACL2 !> (PROVE PROOF-TREE
        WARNING OBSERVATION EVENT EXPANSION)
ACL2 !>
Summary
Form:  ( INCLUDE-BOOK "top" ...)
Rules: NIL
Warnings:  None
Time:  0.83 seconds (prove: 0.00, print: 0.00, other: 0.83)
"/Users/zac/Desktop/acl2-sources/books/arithmetic/top.lisp"

Summary
Form:  ( DEFTHM QUOTIENT-CANCELLATION ...)
Rules: ((:DEFINITION =)
        (:DEFINITION IFF)
        (:DEFINITION IFIX)
        (:DEFINITION NFIX)
        (:DEFINITION NONNEGATIVE-INTEGER-QUOTIENT)
        (:DEFINITION NOT)
        (:EXECUTABLE-COUNTERPART BINARY-+)
        (:EXECUTABLE-COUNTERPART EQUAL)
        (:EXECUTABLE-COUNTERPART IFF)
        (:EXECUTABLE-COUNTERPART IFIX)
        (:EXECUTABLE-COUNTERPART NOT)
        (:FAKE-RUNE-FOR-LINEAR NIL)
        (:FAKE-RUNE-FOR-TYPE-SET NIL)
        (:INDUCTION NONNEGATIVE-INTEGER-QUOTIENT)
        (:REWRITE *-PRESERVES->-FOR-NONNEGATIVES-1)
        (:REWRITE *-PRESERVES->=-FOR-NONNEGATIVES)
        (:REWRITE |0-<-*|)
        (:REWRITE <-*-0)
        (:REWRITE <-0-+-NEGATIVE-2)
        (:REWRITE COMMUTATIVITY-OF-*)
        (:REWRITE DISTRIBUTIVITY)
        (:REWRITE FUNCTIONAL-COMMUTATIVITY-OF-MINUS-*-RIGHT)
        (:REWRITE INVERSE-OF-+))
Warnings:  None
Time:  0.05 seconds (prove: 0.04, print: 0.00, other: 0.00)
QUOTIENT-CANCELLATION

Summary
Form:  ( DEFTHM QUOTIENT-NUMER-DENOM-LEMMA ...)
Rules: ((:DEFINITION NOT)
        (:FAKE-RUNE-FOR-TYPE-SET NIL)
        (:REWRITE ASSOCIATIVITY-OF-*))
Warnings:  None
Time:  0.01 seconds (prove: 0.01, print: 0.00, other: 0.00)
QUOTIENT-NUMER-DENOM-LEMMA

Summary
Form:  ( DEFTHM NUMER-DENOM-LEMMA-SILLY ...)
Rules: ((:DEFINITION FIX)
        (:DEFINITION NOT)
        (:FAKE-RUNE-FOR-TYPE-SET NIL)
        (:REWRITE /-CANCELLATION-ON-RIGHT)
        (:REWRITE COMMUTATIVITY-2-OF-*)
        (:REWRITE COMMUTATIVITY-OF-*))
Warnings:  None
Time:  0.00 seconds (prove: 0.00, print: 0.00, other: 0.00)
NUMER-DENOM-LEMMA-SILLY

Summary
Form:  ( DEFTHM NUMER-DENOM-LEMMA ...)
Rules: ((:DEFINITION FIX)
        (:DEFINITION HIDE)
        (:DEFINITION NOT)
        (:FAKE-RUNE-FOR-TYPE-SET NIL)
        (:REWRITE COMMUTATIVITY-2-OF-*)
        (:REWRITE COMMUTATIVITY-OF-*)
        (:REWRITE EQUAL-*-/-1))
Warnings:  None
Time:  0.02 seconds (prove: 0.02, print: 0.00, other: 0.00)
NUMER-DENOM-LEMMA

Summary
Form:  ( DEFTHM QUOTIENT-NUMER-DENOM-LEMMA2-SILLY ...)
Rules: ((:DEFINITION =)
        (:DEFINITION NOT)
        (:FAKE-RUNE-FOR-TYPE-SET NIL)
        (:REWRITE COMMUTATIVITY-2-OF-*)
        (:REWRITE COMMUTATIVITY-OF-*))
Warnings:  None
Time:  0.01 seconds (prove: 0.01, print: 0.00, other: 0.00)
QUOTIENT-NUMER-DENOM-LEMMA2-SILLY

Summary
Form:  ( DEFTHM QUOTIENT-NUMER-DENOM-LEMMA2 ...)
Rules: ((:DEFINITION =)
        (:DEFINITION NOT)
        (:EXECUTABLE-COUNTERPART NOT)
        (:FAKE-RUNE-FOR-TYPE-SET NIL)
        (:REWRITE COMMUTATIVITY-OF-*)
        (:REWRITE NUMER-DENOM-LEMMA))
Warnings:  None
Time:  0.03 seconds (prove: 0.03, print: 0.00, other: 0.00)
QUOTIENT-NUMER-DENOM-LEMMA2

Summary
Form:  ( DEFTHM QUOTIENT-NUMER-DENOM-LEMMA3 ...)
Rules: ((:DEFINITION IFF)
        (:DEFINITION NOT)
        (:EXECUTABLE-COUNTERPART NOT)
        (:FAKE-RUNE-FOR-TYPE-SET NIL)
        (:REWRITE |0-<-*|)
        (:REWRITE ASSOCIATIVITY-OF-*)
        (:REWRITE COMMUTATIVITY-2-OF-*)
        (:REWRITE COMMUTATIVITY-OF-*)
        (:REWRITE QUOTIENT-NUMER-DENOM-LEMMA2))
Warnings:  None
Time:  0.03 seconds (prove: 0.03, print: 0.00, other: 0.00)
QUOTIENT-NUMER-DENOM-LEMMA3

Summary
Form:  ( DEFTHM QUOTIENT-NUMER-DENOM ...)
Rules: ((:DEFINITION NOT)
        (:FAKE-RUNE-FOR-TYPE-SET NIL)
        (:REWRITE COMMUTATIVITY-2-OF-*)
        (:REWRITE COMMUTATIVITY-OF-*)
        (:REWRITE NUMER-DENOM-LEMMA)
        (:REWRITE QUOTIENT-CANCELLATION)
        (:TYPE-PRESCRIPTION NONNEGATIVE-PRODUCT))
Warnings:  None
Time:  0.02 seconds (prove: 0.02, print: 0.00, other: 0.00)
QUOTIENT-NUMER-DENOM

Summary
Form:  ( DEFTHM REMAINDER-THEOREM-1 ...)
Rules: ((:DEFINITION FIX)
        (:DEFINITION REM)
        (:DEFINITION TRUNCATE)
        (:EXECUTABLE-COUNTERPART NOT)
        (:FAKE-RUNE-FOR-TYPE-SET NIL)
        (:REWRITE COMMUTATIVITY-OF-*)
        (:REWRITE EQUAL-DENOMINATOR-1)
        (:REWRITE MINUS-CANCELLATION-ON-RIGHT)
        (:REWRITE QUOTIENT-NUMER-DENOM))
Warnings:  None
Time:  0.01 seconds (prove: 0.01, print: 0.00, other: 0.00)
REMAINDER-THEOREM-1

Summary
Form:  ( DEFTHM REMAINDER-LEMMA ...)
Rules: ((:DEFINITION =)
        (:DEFINITION FIX)
        (:DEFINITION IFIX)
        (:DEFINITION NFIX)
        (:DEFINITION NONNEGATIVE-INTEGER-QUOTIENT)
        (:DEFINITION NOT)
        (:EXECUTABLE-COUNTERPART BINARY-+)
        (:EXECUTABLE-COUNTERPART IFIX)
        (:EXECUTABLE-COUNTERPART UNARY--)
        (:FAKE-RUNE-FOR-LINEAR NIL)
        (:FAKE-RUNE-FOR-TYPE-SET NIL)
        (:INDUCTION NONNEGATIVE-INTEGER-QUOTIENT)
        (:REWRITE <-0-+-NEGATIVE-2)
        (:REWRITE ASSOCIATIVITY-OF-+)
        (:REWRITE COMMUTATIVITY-OF-*)
        (:REWRITE DISTRIBUTIVITY)
        (:REWRITE DISTRIBUTIVITY-OF-MINUS-OVER-+)
        (:REWRITE INVERSE-OF-+)
        (:REWRITE UNICITY-OF-1)
        (:TYPE-PRESCRIPTION NONNEGATIVE-INTEGER-QUOTIENT))
Warnings:  None
Time:  0.03 seconds (prove: 0.03, print: 0.00, other: 0.00)
REMAINDER-LEMMA

Summary
Form:  ( DEFTHM REMAINDER-THEOREM-2 ...)
Rules: ((:DEFINITION FIX)
        (:DEFINITION REM)
        (:DEFINITION TRUNCATE)
        (:EXECUTABLE-COUNTERPART NOT)
        (:FAKE-RUNE-FOR-LINEAR NIL)
        (:FAKE-RUNE-FOR-TYPE-SET NIL)
        (:FORWARD-CHAINING NUMERATOR-NONZERO-FORWARD)
        (:LINEAR REMAINDER-LEMMA)
        (:REWRITE /-CANCELLATION-ON-RIGHT)
        (:REWRITE COMMUTATIVITY-OF-*)
        (:REWRITE EQUAL-DENOMINATOR-1)
        (:REWRITE INVERSE-OF-+)
        (:REWRITE NUMERATOR-WHEN-INTEGERP)
        (:REWRITE QUOTIENT-NUMER-DENOM)
        (:TYPE-PRESCRIPTION NONNEGATIVE-INTEGER-QUOTIENT))
Warnings:  None
Time:  0.01 seconds (prove: 0.01, print: 0.00, other: 0.00)
REMAINDER-THEOREM-2

Summary
Form:  ( DEFTHM QUOTIENT-LOWER-BOUND ...)
Rules: ((:DEFINITION =)
        (:DEFINITION FIX)
        (:DEFINITION IFIX)
        (:DEFINITION NFIX)
        (:DEFINITION NONNEGATIVE-INTEGER-QUOTIENT)
        (:DEFINITION NOT)
        (:EXECUTABLE-COUNTERPART IFIX)
        (:FAKE-RUNE-FOR-LINEAR NIL)
        (:FAKE-RUNE-FOR-TYPE-SET NIL)
        (:INDUCTION NONNEGATIVE-INTEGER-QUOTIENT)
        (:REWRITE <-*-/-LEFT)
        (:REWRITE <-0-+-NEGATIVE-2)
        (:REWRITE COMMUTATIVITY-OF-*)
        (:REWRITE COMMUTATIVITY-OF-+)
        (:REWRITE DISTRIBUTIVITY)
        (:REWRITE INVERSE-OF-+)
        (:REWRITE TIMES-ZERO)
        (:REWRITE UNICITY-OF-0)
        (:REWRITE UNICITY-OF-1)
        (:TYPE-PRESCRIPTION NONNEGATIVE-INTEGER-QUOTIENT))
Warnings:  None
Time:  0.04 seconds (prove: 0.04, print: 0.00, other: 0.00)
QUOTIENT-LOWER-BOUND

Summary
Form:  ( DEFTHM QUOTIENT-UPPER-BOUND ...)
Rules: ((:DEFINITION FIX)
        (:DEFINITION NOT)
        (:FAKE-RUNE-FOR-LINEAR NIL)
        (:FAKE-RUNE-FOR-TYPE-SET NIL)
        (:REWRITE <-*-/-LEFT)
        (:REWRITE COMMUTATIVITY-OF-*)
        (:REWRITE DISTRIBUTIVITY)
        (:REWRITE UNICITY-OF-1)
        (:TYPE-PRESCRIPTION NONNEGATIVE-INTEGER-QUOTIENT))
Warnings:  None
Time:  0.03 seconds (prove: 0.03, print: 0.00, other: 0.00)
QUOTIENT-UPPER-BOUND

Summary
Form:  ( DEFTHM TRUNCATE-LOWER-BOUND ...)
Rules: ((:DEFINITION =)
        (:DEFINITION FIX)
        (:DEFINITION IFIX)
        (:DEFINITION NFIX)
        (:DEFINITION NONNEGATIVE-INTEGER-QUOTIENT)
        (:DEFINITION NOT)
        (:DEFINITION TRUNCATE)
        (:EXECUTABLE-COUNTERPART INTEGERP)
        (:EXECUTABLE-COUNTERPART NOT)
        (:EXECUTABLE-COUNTERPART UNARY--)
        (:FAKE-RUNE-FOR-LINEAR NIL)
        (:FAKE-RUNE-FOR-TYPE-SET NIL)
        (:INDUCTION NONNEGATIVE-INTEGER-QUOTIENT)
        (:LINEAR QUOTIENT-LOWER-BOUND)
        (:LINEAR QUOTIENT-UPPER-BOUND)
        (:REWRITE /-CANCELLATION-ON-RIGHT)
        (:REWRITE <-*-/-LEFT)
        (:REWRITE <-0-+-NEGATIVE-2)
        (:REWRITE COMMUTATIVITY-OF-*)
        (:REWRITE COMMUTATIVITY-OF-+)
        (:REWRITE DISTRIBUTIVITY)
        (:REWRITE EQUAL-*-/-2)
        (:REWRITE EQUAL-DENOMINATOR-1)
        (:REWRITE FUNCTIONAL-COMMUTATIVITY-OF-MINUS-*-RIGHT)
        (:REWRITE INVERSE-OF-*)
        (:REWRITE INVERSE-OF-+)
        (:REWRITE NUMERATOR-WHEN-INTEGERP)
        (:REWRITE QUOTIENT-NUMER-DENOM)
        (:REWRITE TIMES-ZERO)
        (:REWRITE UNICITY-OF-1)
        (:TYPE-PRESCRIPTION NONNEGATIVE-INTEGER-QUOTIENT))
Warnings:  None
Time:  0.07 seconds (prove: 0.07, print: 0.00, other: 0.00)
TRUNCATE-LOWER-BOUND

Summary
Form:  ( DEFTHM TRUNCATE-UPPER-BOUND ...)
Rules: ((:DEFINITION FIX)
        (:DEFINITION TRUNCATE)
        (:EXECUTABLE-COUNTERPART NOT)
        (:FAKE-RUNE-FOR-LINEAR NIL)
        (:FAKE-RUNE-FOR-TYPE-SET NIL)
        (:LINEAR QUOTIENT-LOWER-BOUND)
        (:LINEAR QUOTIENT-UPPER-BOUND)
        (:LINEAR REMAINDER-LEMMA)
        (:REWRITE /-CANCELLATION-ON-RIGHT)
        (:REWRITE <-*-/-LEFT)
        (:REWRITE COMMUTATIVITY-OF-*)
        (:REWRITE COMMUTATIVITY-OF-+)
        (:REWRITE DISTRIBUTIVITY)
        (:REWRITE EQUAL-*-/-2)
        (:REWRITE EQUAL-DENOMINATOR-1)
        (:REWRITE NUMERATOR-WHEN-INTEGERP)
        (:REWRITE QUOTIENT-NUMER-DENOM)
        (:REWRITE UNICITY-OF-1)
        (:TYPE-PRESCRIPTION NONNEGATIVE-INTEGER-QUOTIENT))
Warnings:  None
Time:  0.03 seconds (prove: 0.03, print: 0.00, other: 0.00)
TRUNCATE-UPPER-BOUND

Summary
Form:  ( DEFTHM REM-LOWER-BOUND ...)
Rules: ((:DEFINITION =)
        (:DEFINITION FIX)
        (:DEFINITION IFIX)
        (:DEFINITION NFIX)
        (:DEFINITION NONNEGATIVE-INTEGER-QUOTIENT)
        (:DEFINITION NOT)
        (:DEFINITION REM)
        (:DEFINITION TRUNCATE)
        (:EXECUTABLE-COUNTERPART INTEGERP)
        (:EXECUTABLE-COUNTERPART NOT)
        (:EXECUTABLE-COUNTERPART UNARY--)
        (:FAKE-RUNE-FOR-LINEAR NIL)
        (:FAKE-RUNE-FOR-TYPE-SET NIL)
        (:INDUCTION NONNEGATIVE-INTEGER-QUOTIENT)
        (:LINEAR QUOTIENT-LOWER-BOUND)
        (:LINEAR QUOTIENT-UPPER-BOUND)
        (:REWRITE /-CANCELLATION-ON-RIGHT)
        (:REWRITE <-+-NEGATIVE-0-2)
        (:REWRITE <-0-+-NEGATIVE-2)
        (:REWRITE COMMUTATIVITY-OF-*)
        (:REWRITE COMMUTATIVITY-OF-+)
        (:REWRITE DISTRIBUTIVITY)
        (:REWRITE EQUAL-*-/-2)
        (:REWRITE EQUAL-DENOMINATOR-1)
        (:REWRITE FUNCTIONAL-COMMUTATIVITY-OF-MINUS-*-RIGHT)
        (:REWRITE INVERSE-OF-*)
        (:REWRITE INVERSE-OF-+)
        (:REWRITE NUMERATOR-WHEN-INTEGERP)
        (:REWRITE QUOTIENT-NUMER-DENOM)
        (:REWRITE TIMES-ZERO)
        (:REWRITE UNICITY-OF-1)
        (:TYPE-PRESCRIPTION NONNEGATIVE-INTEGER-QUOTIENT))
Warnings:  None
Time:  0.09 seconds (prove: 0.08, print: 0.00, other: 0.00)
REM-LOWER-BOUND

Summary
Form:  ( DEFTHM REM-UPPER-BOUND ...)
Rules: ((:DEFINITION FIX)
        (:DEFINITION REM)
        (:DEFINITION TRUNCATE)
        (:EXECUTABLE-COUNTERPART NOT)
        (:FAKE-RUNE-FOR-LINEAR NIL)
        (:FAKE-RUNE-FOR-TYPE-SET NIL)
        (:LINEAR QUOTIENT-LOWER-BOUND)
        (:LINEAR QUOTIENT-UPPER-BOUND)
        (:LINEAR REMAINDER-LEMMA)
        (:REWRITE /-CANCELLATION-ON-RIGHT)
        (:REWRITE COMMUTATIVITY-OF-*)
        (:REWRITE EQUAL-*-/-2)
        (:REWRITE EQUAL-DENOMINATOR-1)
        (:REWRITE INVERSE-OF-+)
        (:REWRITE NUMERATOR-WHEN-INTEGERP)
        (:REWRITE QUOTIENT-NUMER-DENOM)
        (:TYPE-PRESCRIPTION NONNEGATIVE-INTEGER-QUOTIENT))
Warnings:  None
Time:  0.03 seconds (prove: 0.03, print: 0.00, other: 0.00)
REM-UPPER-BOUND

Summary
Form:  ( INCLUDE-BOOK "idiv" ...)
Rules: NIL
Warnings:  None
Time:  0.76 seconds (prove: 0.00, print: 0.00, other: 0.76)

Summary
Form:  (CERTIFY-BOOK "idiv" ...)
Rules: NIL
Warnings:  None
Time:  2.11 seconds (prove: 0.48, print: 0.00, other: 1.63)
 "/Users/zac/Desktop/acl2-sources/books/arithmetic/idiv.lisp"
ACL2 !>
Exiting the ACL2 read-eval-print loop.  To re-enter, execute (LP).
? 